Qflow migration logfile created on Wed May 20 09:43:59 KST 2026
magic -dnull -noconsole  migrate_my_mcu_top.tcl

Magic 8.3 revision 638 - Compiled on Thu Apr 30 21:20:55 KST 2026.
Starting magic under Tcl interpreter
Using the terminal as the console.
WARNING: RLIMIT_NOFILE is above 1024 and Tcl_Version<9 this may cause runtime issues [rlim_cur=1048576]
Using NULL graphics device.
Processing system .magicrc file
Switching to WIRING tool.
Switching to NETLIST tool.
Switching to PICK tool.
Switching to BOX tool.
Input style lambda=0.30(p): scaleFactor=30, multiplier=1
Contact size value ignored (using GDS generation rules).
Contact size value ignored (using GDS generation rules).
Contact size value ignored (using GDS generation rules).
Contact size value ignored (using GDS generation rules).
Contact size value ignored (using GDS generation rules).
Contact size value ignored (using GDS generation rules).
The following types are not handled by extraction and will be treated as non-electrical types:
    n_field_implant p_field_implant nselect pselect glass filln filla fillb xp m1p m2p m3p comment bb 
2 Magic internal units = 1 Lambda
Loading "migrate_my_mcu_top.tcl" from command line.
Root cell box:
           width x height  (   llx,  lly  ), (   urx,  ury  )

microns:   0.000 x 0.000   ( 0.000,  0.000), ( 0.000,  0.000)
lambda:     0.00 x 0.00    (  0.00,  0.00 ), (  0.00,  0.00 )
internal:      0 x 0       (     0,  0    ), (     0,  0    )
Warning:  snap setting is also changing units.  This usage is deprecated
and may be removed in the future.  Use "units" to change units, and
change units before setting snap to keep this message from appearing.
Reading LEF data from file /usr/local/share/qflow/tech/etri050/etri050_stdcells.lef.
This action cannot be undone.
LEF read: Processed 3266 lines.
Reading DEF data from file my_mcu_top.def.
This action cannot be undone.
DEF read, Line 13 (Error): END statement out of context.
  Processed 3432 subcell instances total.
  Processed 13 pins total.
  Processed 2433 nets total.
  Processed 2 special nets total.
DEF read: Processed 29864 lines.
DEF Read: encountered 1 error total.
Generating LEF output my_mcu_top.lef for cell my_mcu_top:
Diagnostic:  Write LEF header for cell my_mcu_top
Diagnostic:  Writing LEF output for cell my_mcu_top
Diagnostic:  Scale value is 0.150000
Extracting MUX2X1 into MUX2X1.ext:
Extracting INVX1 into INVX1.ext:
Extracting NOR2X1 into NOR2X1.ext:
Extracting FILL into FILL.ext:
Extracting NAND2X1 into NAND2X1.ext:
Extracting DFFPOSX1 into DFFPOSX1.ext:
Extracting OAI21X1 into OAI21X1.ext:
Extracting AOI21X1 into AOI21X1.ext:
Extracting AND2X2 into AND2X2.ext:
Extracting OAI22X1 into OAI22X1.ext:
Extracting CLKBUF1 into CLKBUF1.ext:
Extracting BUFX2 into BUFX2.ext:
Extracting NAND3X1 into NAND3X1.ext:
Extracting INVX2 into INVX2.ext:
Extracting INVX8 into INVX8.ext:
Extracting AOI22X1 into AOI22X1.ext:
Extracting OR2X2 into OR2X2.ext:
Extracting DFFSR into DFFSR.ext:
Extracting INVX4 into INVX4.ext:
Extracting NOR3X1 into NOR3X1.ext:
Extracting my_mcu_top into my_mcu_top.ext:
exttospice finished.
Migration script ended on Wed May 20 09:44:03 KST 2026
