Qflow placement logfile created on Fri May 22 02:32:21 KST 2026
Restoring my_mcu_top.rtl.v, my_mcu_top.rtlnopwr.v, and my_mcu_top.rtlbb.v from pre-placement backups
Running vlog2Cel to generate input files for graywolf
vlog2Cel  -l  /usr/local/share/qflow/tech/etri050/etri050_stdcells.lef -u 100 -o /home/hosung/Ho/MPW/MPW_workspace/Bit_Up/A_MCU/backend_physical_qflow/layout/my_mcu_top.cel /home/hosung/Ho/MPW/MPW_workspace/Bit_Up/A_MCU/backend_physical_qflow/synthesis/my_mcu_top.rtlnopwr.v
No my_mcu_top.cel1 file found for project. . . no partial blockages to apply to layout.
Running decongest to set initial density of 1.00
decongest.tcl my_mcu_top  /usr/local/share/qflow/tech/etri050/etri050_stdcells.lef FILL,,, 1.00 --units=100 --lib=/usr/local/share/qflow/tech/etri050/etri05_stdcells.lib
Reading FILL {} {} {} macros from LEF file.
Unexpected input in LEF file:  Only macro defs were expected!
Line is:   NOWIREEXTENSIONATPIN ON ;
decongest.tcl:
Fixed density planning, density = 1.00
Number of cells = 1525, total width = 2656800
Width of fill = 0
Width of decap = 0
Width of antenna = 0
Width of body ties = 0

Done!
Preparing pin placement hints from my_mcu_top.cel2
Running GrayWolf placement
graywolf -n my_mcu_top

twflow version:2.1 date:Mon May 25 21:15:08 EDT 1992
Authors: Bill Swartz, Carl Sechen
         Yale University
Twflow switches:
	Graphics mode off
	TimberWolf mode on


syntax version:v1.1 date:Mon May 25 21:11:10 EDT 1992
TimberWolf System Syntax Checker
Authors: Carl Sechen, Kai-Win Lee, Bill Swartz,
         Dahe Chen, and Jimmy Lam
         Yale University

Read   50 objects so far...
Read  100 objects so far...
Read  150 objects so far...
Read  200 objects so far...
Read  250 objects so far...
Read  300 objects so far...
Read  350 objects so far...
Read  400 objects so far...
Read  450 objects so far...
Read  500 objects so far...
Read  550 objects so far...
Read  600 objects so far...
Read  650 objects so far...
Read  700 objects so far...
Read  750 objects so far...
Read  800 objects so far...
Read  850 objects so far...
Read  900 objects so far...
Read  950 objects so far...
Read 1000 objects so far...
Read 1050 objects so far...
Read 1100 objects so far...
Read 1150 objects so far...
Read 1200 objects so far...
Read 1250 objects so far...
Read 1300 objects so far...
Read 1350 objects so far...
Read 1400 objects so far...
Read 1450 objects so far...
Read 1500 objects so far...
No syntax errors were found

syntax terminated normally with no errors and 0 warning[s]


----------------------------
Total stdcells     :1525
Total cell width   :2.66e+06
Total cell height  :5.49e+06
Total cell area    :9.56e+09
Total core area    :9.56e+09
Average cell height:3.60e+03


nocut - replacement for Mincut version:v1.0 date:Mon May 25 21:09:40 EDT 1992
TimberWolf System Floorplan Setup Program
Authors: Carl Sechen, Bill Swartz,
         Yale University

Read   50 objects so far...
Read  100 objects so far...
Read  150 objects so far...
Read  200 objects so far...
Read  250 objects so far...
Read  300 objects so far...
Read  350 objects so far...
Read  400 objects so far...
Read  450 objects so far...
Read  500 objects so far...
Read  550 objects so far...
Read  600 objects so far...
Read  650 objects so far...
Read  700 objects so far...
Read  750 objects so far...
Read  800 objects so far...
Read  850 objects so far...
Read  900 objects so far...
Read  950 objects so far...
Read 1000 objects so far...
Read 1050 objects so far...
Read 1100 objects so far...
Read 1150 objects so far...
Read 1200 objects so far...
Read 1250 objects so far...
Read 1300 objects so far...
Read 1350 objects so far...
Read 1400 objects so far...
Read 1450 objects so far...
Read 1500 objects so far...
Splitting my_mcu_top.cel into my_mcu_top.scel and my_mcu_top.mcel...
	done!


nocut - replacement for Mincut terminated normally with no errors and 0 warning[s]


TimberWolfMC version:v2.2 date:Mon May 25 21:18:34 EDT 1992
Authors: Carl Sechen, Bill Swartz, Kai-Win Lee
         Dahe Chen, and Jimmy Lam
         Yale University

config version:v1.0 date:Mon May 25 20:57:18 EDT 1992
Row configuration program
    Yale University


config switches:
	Graphics mode off



config terminated normally with no errors and 0 warning[s]


TimberWolfMC terminated normally with no errors and 0 warning[s]

WARNING[findcost]:Net <i_clk_sys_ext> has 233 pins


TimberWolfSC switches:
	Graphics mode off

TimberWolfSC version:v6.0 date:Mon May 25 21:19:07 EDT 1992
Row-Based Placement and Global Routing Program
Authors: Carl Sechen, Kai-Win Lee, and Bill Swartz,
         Yale University
  0 
  1   2   3   4   5   6   7   8   9  10  11  12  13  14  15 
 16  17  18  19  20  21  22  23  24  25  26  27  28  29  30 
 31  32  33  34  35  36  37  38  39  40  41  42  43  44  45 
 46  47  48  49  50  51  52  53  54  55  56  57  58  59  60 
 61  62  63  64  65  66  67  68  69  70  71  72  73  74  75 
 76  77  78  79  80  81  82  83  84  85  86  87  88  89  90 
 91  92  93  94  95  96  97  98  99 100 101 102 103 104 105 
106 107 108 109 110 111 112 113 114 115 116 117 118 119 120 
121 122 123 124 125 126 127 128 129 130 131 132 133 134 135 
136 137 138 139 140 141 142 143 144 145 146 147 148 149 150 
151 152 153 154 155 156 157 158 
 block left edge is at -300
 the longest block length is 103200
 building the steiner trees
 rebuilding the steiner tree

----start doing coarse global routing ------ 
 ITERATION  1

  longest Row is:2   Its length is:98700
 doing feed-through pins assignment
 building the net-tree now !
 set up the global routing grids
 the starting value of tracks =  261
 tracks = 240 at attempts =  1000
 tracks = 238 at attempts =  2000
 tracks = 235 at attempts =  3000
 tracks = 233 at attempts =  4000
 tracks = 232 at attempts =  5000
 tracks = 232 at attempts =  6000
 tracks = 231 at attempts =  7000
 tracks = 231 at attempts =  8000
 tracks = 231 at attempts =  9000
 tracks = 231 at attempts = 10000
 tracks = 231 at attempts = 11000
 tracks = 231 at attempts = 12000
 tracks = 231 at attempts = 13000
 tracks = 231 at attempts = 14000
 tracks = 231 at attempts = 15000
 tracks = 231 at attempts = 16000
 tracks = 231 at attempts = 17000
 tracks = 231 at attempts = 18000
 tracks = 231 at attempts = 19000
 tracks = 231 at attempts = 20000
 tracks = 231 at attempts = 21000
 tracks = 231 at attempts = 22000
 tracks = 231 at attempts = 23000
 tracks = 231 at attempts = 24000
 tracks = 231 at attempts = 25000
 tracks = 231 at attempts = 26000
 tracks = 231 at attempts = 27000
 tracks = 231 at attempts = 28000
 tracks = 231 at attempts = 29000
 tracks = 231 at attempts = 30000
 tracks = 231 at attempts = 31000
 tracks = 231 at attempts = 32000
 tracks = 231 at attempts = 33000
 tracks = 231 at attempts = 34000
 tracks = 231 at attempts = 35000
 tracks = 231 at attempts = 36000
 tracks = 231 at attempts = 37000
 tracks = 231 at attempts = 38000
 removing redundant feed-through pins
 the connectivity of all the nets is verified

 block left edge is at -300
 the longest block length is 103200
 building the steiner trees
 rebuilding the steiner tree

----start doing coarse global routing ------ 
 ITERATION  1

  longest Row is:2   Its length is:98700
 doing feed-through pins assignment
 building the net-tree now !
 set up the global routing grids
 the starting value of tracks =  263
 tracks = 246 at attempts =  1000
 tracks = 242 at attempts =  2000
 tracks = 238 at attempts =  3000
 tracks = 237 at attempts =  4000
 tracks = 235 at attempts =  5000
 tracks = 235 at attempts =  6000
 tracks = 235 at attempts =  7000
 tracks = 235 at attempts =  8000
 tracks = 234 at attempts =  9000
 tracks = 234 at attempts = 10000
 tracks = 234 at attempts = 11000
 tracks = 234 at attempts = 12000
 tracks = 233 at attempts = 13000
 tracks = 233 at attempts = 14000
 tracks = 233 at attempts = 15000
 tracks = 233 at attempts = 16000
 tracks = 233 at attempts = 17000
 tracks = 233 at attempts = 18000
 tracks = 233 at attempts = 19000
 tracks = 233 at attempts = 20000
 tracks = 233 at attempts = 21000
 tracks = 233 at attempts = 22000
 tracks = 233 at attempts = 23000
 tracks = 233 at attempts = 24000
 tracks = 233 at attempts = 25000
 tracks = 233 at attempts = 26000
 tracks = 233 at attempts = 27000
 tracks = 233 at attempts = 28000
 tracks = 233 at attempts = 29000
 tracks = 233 at attempts = 30000
 tracks = 233 at attempts = 31000
 tracks = 233 at attempts = 32000
 tracks = 233 at attempts = 33000
 tracks = 233 at attempts = 34000
 tracks = 233 at attempts = 35000
 tracks = 233 at attempts = 36000
 tracks = 233 at attempts = 37000
 tracks = 233 at attempts = 38000
 removing redundant feed-through pins
 the connectivity of all the nets is verified

 block left edge is at -300
 the longest block length is 103200
 building the steiner trees
 rebuilding the steiner tree

----start doing coarse global routing ------ 
 ITERATION  1

  longest Row is:2   Its length is:98700
 doing feed-through pins assignment
 building the net-tree now !
 set up the global routing grids
 the starting value of tracks =  261
 tracks = 245 at attempts =  1000
 tracks = 235 at attempts =  2000
 tracks = 235 at attempts =  3000
 tracks = 234 at attempts =  4000
 tracks = 234 at attempts =  5000
 tracks = 232 at attempts =  6000
 tracks = 232 at attempts =  7000
 tracks = 232 at attempts =  8000
 tracks = 231 at attempts =  9000
 tracks = 231 at attempts = 10000
 tracks = 231 at attempts = 11000
 tracks = 231 at attempts = 12000
 tracks = 231 at attempts = 13000
 tracks = 230 at attempts = 14000
 tracks = 230 at attempts = 15000
 tracks = 230 at attempts = 16000
 tracks = 230 at attempts = 17000
 tracks = 230 at attempts = 18000
 tracks = 230 at attempts = 19000
 tracks = 230 at attempts = 20000
 tracks = 229 at attempts = 21000
 tracks = 229 at attempts = 22000
 tracks = 229 at attempts = 23000
 tracks = 229 at attempts = 24000
 tracks = 229 at attempts = 25000
 tracks = 229 at attempts = 26000
 tracks = 229 at attempts = 27000
 tracks = 229 at attempts = 28000
 tracks = 229 at attempts = 29000
 tracks = 229 at attempts = 30000
 tracks = 229 at attempts = 31000
 tracks = 229 at attempts = 32000
 tracks = 229 at attempts = 33000
 tracks = 229 at attempts = 34000
 tracks = 229 at attempts = 35000
 tracks = 229 at attempts = 36000
 tracks = 229 at attempts = 37000
 tracks = 229 at attempts = 38000
 removing redundant feed-through pins
 the connectivity of all the nets is verified

 block left edge is at -300
 the longest block length is 103200
 building the steiner trees
 rebuilding the steiner tree

----start doing coarse global routing ------ 
 ITERATION  1

  longest Row is:2   Its length is:98700
 doing feed-through pins assignment
 building the net-tree now !
 set up the global routing grids
 the starting value of tracks =  298
 tracks = 296 at attempts =  1000
 tracks = 296 at attempts =  2000
 tracks = 296 at attempts =  3000
 tracks = 296 at attempts =  4000
 tracks = 296 at attempts =  5000
 tracks = 296 at attempts =  6000
 tracks = 296 at attempts =  7000
 tracks = 296 at attempts =  8000
 tracks = 296 at attempts =  9000
 tracks = 296 at attempts = 10000
 tracks = 296 at attempts = 11000
 tracks = 296 at attempts = 12000
 tracks = 296 at attempts = 13000
 tracks = 296 at attempts = 14000
 tracks = 296 at attempts = 15000
 tracks = 296 at attempts = 16000
 tracks = 296 at attempts = 17000
 tracks = 296 at attempts = 18000
 tracks = 296 at attempts = 19000
 tracks = 296 at attempts = 20000
 tracks = 296 at attempts = 21000
 tracks = 296 at attempts = 22000
 tracks = 296 at attempts = 23000
 tracks = 296 at attempts = 24000
 tracks = 296 at attempts = 25000
 tracks = 296 at attempts = 26000
 tracks = 296 at attempts = 27000
 tracks = 296 at attempts = 28000
 tracks = 296 at attempts = 29000
 tracks = 296 at attempts = 30000
 tracks = 296 at attempts = 31000
 tracks = 296 at attempts = 32000
 tracks = 296 at attempts = 33000
 tracks = 296 at attempts = 34000
 tracks = 296 at attempts = 35000
 tracks = 296 at attempts = 36000
 tracks = 296 at attempts = 37000
 tracks = 296 at attempts = 38000
 removing redundant feed-through pins
 the connectivity of all the nets is verified

 block left edge is at -300
 the longest block length is 103200
 building the steiner trees
 rebuilding the steiner tree

----start doing coarse global routing ------ 
 ITERATION  1

  longest Row is:2   Its length is:98700
 doing feed-through pins assignment
 building the net-tree now !
 set up the global routing grids
 the starting value of tracks =  261
 tracks = 248 at attempts =  1000
 tracks = 237 at attempts =  2000
 tracks = 233 at attempts =  3000
 tracks = 232 at attempts =  4000
 tracks = 232 at attempts =  5000
 tracks = 232 at attempts =  6000
 tracks = 231 at attempts =  7000
 tracks = 231 at attempts =  8000
 tracks = 230 at attempts =  9000
 tracks = 230 at attempts = 10000
 tracks = 230 at attempts = 11000
 tracks = 230 at attempts = 12000
 tracks = 230 at attempts = 13000
 tracks = 230 at attempts = 14000
 tracks = 230 at attempts = 15000
 tracks = 230 at attempts = 16000
 tracks = 230 at attempts = 17000
 tracks = 230 at attempts = 18000
 tracks = 230 at attempts = 19000
 tracks = 230 at attempts = 20000
 tracks = 230 at attempts = 21000
 tracks = 230 at attempts = 22000
 tracks = 230 at attempts = 23000
 tracks = 230 at attempts = 24000
 tracks = 230 at attempts = 25000
 tracks = 230 at attempts = 26000
 tracks = 230 at attempts = 27000
 tracks = 230 at attempts = 28000
 tracks = 230 at attempts = 29000
 tracks = 230 at attempts = 30000
 tracks = 230 at attempts = 31000
 tracks = 230 at attempts = 32000
 tracks = 230 at attempts = 33000
 tracks = 230 at attempts = 34000
 tracks = 230 at attempts = 35000
 tracks = 230 at attempts = 36000
 tracks = 230 at attempts = 37000
 tracks = 230 at attempts = 38000
 removing redundant feed-through pins
 the connectivity of all the nets is verified

 block left edge is at -300
 the longest block length is 103200
 building the steiner trees
 rebuilding the steiner tree

----start doing coarse global routing ------ 
 ITERATION  1

  longest Row is:2   Its length is:98700
 doing feed-through pins assignment
 building the net-tree now !
 set up the global routing grids
 the starting value of tracks =  246
 tracks = 237 at attempts =  1000
 tracks = 229 at attempts =  2000
 tracks = 226 at attempts =  3000
 tracks = 225 at attempts =  4000
 tracks = 224 at attempts =  5000
 tracks = 224 at attempts =  6000
 tracks = 224 at attempts =  7000
 tracks = 224 at attempts =  8000
 tracks = 224 at attempts =  9000
 tracks = 224 at attempts = 10000
 tracks = 223 at attempts = 11000
 tracks = 222 at attempts = 12000
 tracks = 222 at attempts = 13000
 tracks = 222 at attempts = 14000
 tracks = 222 at attempts = 15000
 tracks = 222 at attempts = 16000
 tracks = 222 at attempts = 17000
 tracks = 222 at attempts = 18000
 tracks = 222 at attempts = 19000
 tracks = 222 at attempts = 20000
 tracks = 222 at attempts = 21000
 tracks = 222 at attempts = 22000
 tracks = 222 at attempts = 23000
 tracks = 222 at attempts = 24000
 tracks = 222 at attempts = 25000
 tracks = 222 at attempts = 26000
 tracks = 222 at attempts = 27000
 tracks = 222 at attempts = 28000
 tracks = 222 at attempts = 29000
 tracks = 222 at attempts = 30000
 tracks = 222 at attempts = 31000
 tracks = 222 at attempts = 32000
 tracks = 222 at attempts = 33000
 tracks = 222 at attempts = 34000
 tracks = 222 at attempts = 35000
 tracks = 222 at attempts = 36000
 tracks = 222 at attempts = 37000
 tracks = 222 at attempts = 38000
 removing redundant feed-through pins
 the connectivity of all the nets is verified

 block left edge is at -300
 the longest block length is 103200
 building the steiner trees
 rebuilding the steiner tree

----start doing coarse global routing ------ 
 ITERATION  1

  longest Row is:2   Its length is:98700
 doing feed-through pins assignment
 building the net-tree now !
 set up the global routing grids
 the starting value of tracks =  267
 tracks = 253 at attempts =  1000
 tracks = 243 at attempts =  2000
 tracks = 239 at attempts =  3000
 tracks = 236 at attempts =  4000
 tracks = 234 at attempts =  5000
 tracks = 232 at attempts =  6000
 tracks = 232 at attempts =  7000
 tracks = 231 at attempts =  8000
 tracks = 231 at attempts =  9000
 tracks = 231 at attempts = 10000
 tracks = 231 at attempts = 11000
 tracks = 231 at attempts = 12000
 tracks = 231 at attempts = 13000
 tracks = 231 at attempts = 14000
 tracks = 231 at attempts = 15000
 tracks = 231 at attempts = 16000
 tracks = 231 at attempts = 17000
 tracks = 231 at attempts = 18000
 tracks = 231 at attempts = 19000
 tracks = 231 at attempts = 20000
 tracks = 230 at attempts = 21000
 tracks = 230 at attempts = 22000
 tracks = 230 at attempts = 23000
 tracks = 230 at attempts = 24000
 tracks = 230 at attempts = 25000
 tracks = 230 at attempts = 26000
 tracks = 230 at attempts = 27000
 tracks = 230 at attempts = 28000
 tracks = 230 at attempts = 29000
 tracks = 230 at attempts = 30000
 tracks = 230 at attempts = 31000
 tracks = 230 at attempts = 32000
 tracks = 230 at attempts = 33000
 tracks = 230 at attempts = 34000
 tracks = 230 at attempts = 35000
 tracks = 230 at attempts = 36000
 tracks = 230 at attempts = 37000
 tracks = 230 at attempts = 38000
 removing redundant feed-through pins
 the connectivity of all the nets is verified

 block left edge is at -300
 the longest block length is 103200
 building the steiner trees
 rebuilding the steiner tree

----start doing coarse global routing ------ 
 ITERATION  1

  longest Row is:2   Its length is:98700
 doing feed-through pins assignment
 building the net-tree now !
 set up the global routing grids
 the starting value of tracks =  293
 tracks = 292 at attempts =  1000
 tracks = 292 at attempts =  2000
 tracks = 292 at attempts =  3000
 tracks = 292 at attempts =  4000
 tracks = 292 at attempts =  5000
 tracks = 292 at attempts =  6000
 tracks = 292 at attempts =  7000
 tracks = 292 at attempts =  8000
 tracks = 292 at attempts =  9000
 tracks = 292 at attempts = 10000
 tracks = 292 at attempts = 11000
 tracks = 292 at attempts = 12000
 tracks = 292 at attempts = 13000
 tracks = 292 at attempts = 14000
 tracks = 292 at attempts = 15000
 tracks = 292 at attempts = 16000
 tracks = 292 at attempts = 17000
 tracks = 292 at attempts = 18000
 tracks = 292 at attempts = 19000
 tracks = 292 at attempts = 20000
 tracks = 292 at attempts = 21000
 tracks = 292 at attempts = 22000
 tracks = 292 at attempts = 23000
 tracks = 292 at attempts = 24000
 tracks = 292 at attempts = 25000
 tracks = 292 at attempts = 26000
 tracks = 292 at attempts = 27000
 tracks = 292 at attempts = 28000
 tracks = 292 at attempts = 29000
 tracks = 292 at attempts = 30000
 tracks = 292 at attempts = 31000
 tracks = 292 at attempts = 32000
 tracks = 292 at attempts = 33000
 tracks = 292 at attempts = 34000
 tracks = 292 at attempts = 35000
 tracks = 292 at attempts = 36000
 tracks = 292 at attempts = 37000
 tracks = 292 at attempts = 38000
 removing redundant feed-through pins
 the connectivity of all the nets is verified


***********************************************
*ACTUAL* FINAL NUMBER OF ROUTING TRACKS: 222
***********************************************


TimberWolfSC terminated normally with no errors and 1 warning[s]

[find_flow]:Determining design type

twflow terminated normally with no errors and 0 warning[s]

Running getantennacell to determine cell to use for antenna anchors.
getantennacell.tcl my_mcu_top  /usr/local/share/qflow/tech/etri050/etri050_stdcells.lef 
Running getfillcell to determine cell to use for fill.
getfillcell.tcl my_mcu_top  /usr/local/share/qflow/tech/etri050/etri050_stdcells.lef FILL
Using cell FILL for fill
Running place2def to translate graywolf output to DEF format.
place2def.tcl my_mcu_top FILL 
Running place2def.tcl
DEF database: 100 units per micron
Limits: xbot = -300 ybot = -300 xtop = 99202.0 ytop = 97695.0
Core values: 150 150 98850 97350
Offsets: 150 150
3 routing layers
327 horizontal tracks from 0.0 to 98100.0 step 300 (M1, M3, ...)
332 vertical tracks from 0.0 to 99600.0 step 300 (M2, M4, ...)
Summary: Total components = 1525
  Fill cells  = 0
  Other cells = 1525
Done with place2def.tcl
Running addspacers to generate power stripes and align cell right edge
addspacers -stripe 8 225 PG  -p vdd -g gnd -f FILL -O   -l  /usr/local/share/qflow/tech/etri050/etri050_stdcells.lef -o my_mcu_top_filled.def my_mcu_top
Warning:  Stretching requested, but not applicable.
Stripe width requested = 8, stripe width used = 9
Will not generate over-cell power stripes due to lack of route layers
Generating comb structures instead.
Initial core layout: (150 150) to (98850 97350) (scale um * 100)
Running arrangepins to adjust pin positions for optimal routing.
arrangepins.tcl  my_mcu_top
Reading info file my_mcu_top.info. . .
Reading DEF file my_mcu_top.def. . .
Recalculating pin positions
Writing DEF file my_mcu_top_mod.def. . .
Done with arrangepins.tcl
DEF2Verilog -v /home/hosung/Ho/MPW/MPW_workspace/Bit_Up/A_MCU/backend_physical_qflow/synthesis/my_mcu_top.rtlnopwr.v -o /home/hosung/Ho/MPW/MPW_workspace/Bit_Up/A_MCU/backend_physical_qflow/synthesis/my_mcu_top_anno.v
-p vdd -g gnd  -l  /usr/local/share/qflow/tech/etri050/etri050_stdcells.lef my_mcu_top.def

Generating RTL verilog and SPICE netlist file in directory
   /home/hosung/Ho/MPW/MPW_workspace/Bit_Up/A_MCU/backend_physical_qflow/synthesis
Files:
   Verilog: /home/hosung/Ho/MPW/MPW_workspace/Bit_Up/A_MCU/backend_physical_qflow/synthesis/my_mcu_top.rtl.v
   Verilog: /home/hosung/Ho/MPW/MPW_workspace/Bit_Up/A_MCU/backend_physical_qflow/synthesis/my_mcu_top.rtlnopwr.v
   Verilog: /home/hosung/Ho/MPW/MPW_workspace/Bit_Up/A_MCU/backend_physical_qflow/synthesis/my_mcu_top.rtlbb.v
   Spice:   /home/hosung/Ho/MPW/MPW_workspace/Bit_Up/A_MCU/backend_physical_qflow/synthesis/my_mcu_top.spc

Running vlog2Verilog.
vlog2Verilog -c -v vdd -g gnd -o my_mcu_top.rtl.v my_mcu_top_anno.v
vlog2Verilog -c -p -v vdd -g gnd -o my_mcu_top.rtlnopwr.v my_mcu_top_anno.v
vlog2Verilog -c -b -p -n -v vdd -g gnd -o my_mcu_top.rtlbb.v my_mcu_top_anno.v
Running vlog2Spice.
vlog2Spice -i -l  /usr/local/share/qflow/tech/etri050/etri050_stdcells.sp -o my_mcu_top.spc my_mcu_top.rtl.v
Warning:  No SPICE subcircuit for FILL.  Pin order will be arbitrary.
Placement script ended on Fri May 22 02:32:32 KST 2026
