Qflow placement logfile created on Wed Jun 3 14:57:42 KST 2026
Running vlog2Cel to generate input files for graywolf
vlog2Cel  -l  /usr/local/share/qflow/tech/etri050/etri050_stdcells.lef -u 100 -o /home/hosung/Ho/MPW/MPW_workspace/Bit_Up/C_SERV_ALU_FPGA/ETRI050_Ho/layout/serv_exec_unit.cel /home/hosung/Ho/MPW/MPW_workspace/Bit_Up/C_SERV_ALU_FPGA/ETRI050_Ho/synthesis/serv_exec_unit.rtlnopwr.v
No serv_exec_unit.cel1 file found for project. . . no partial blockages to apply to layout.
Running decongest to set initial density of 0.8
decongest.tcl serv_exec_unit  /usr/local/share/qflow/tech/etri050/etri050_stdcells.lef FILL,,, 0.8 --units=100 --lib=/usr/local/share/qflow/tech/etri050/etri05_stdcells.lib
Reading FILL {} {} {} macros from LEF file.
Unexpected input in LEF file:  Only macro defs were expected!
Line is:   NOWIREEXTENSIONATPIN ON ;
decongest.tcl:
Fixed density planning, density = 0.8
Number of cells = 995, total width = 1717500
Width of fill = 429375
Width of decap = 0
Width of antenna = 0
Width of body ties = 0

Done!
Preparing pin placement hints from serv_exec_unit.cel2
Running GrayWolf placement
graywolf  serv_exec_unit

twflow version:2.1 date:Mon May 25 21:15:08 EDT 1992
Authors: Bill Swartz, Carl Sechen
         Yale University

syntax version:v1.1 date:Mon May 25 21:11:10 EDT 1992
TimberWolf System Syntax Checker
Authors: Carl Sechen, Kai-Win Lee, Bill Swartz,
         Dahe Chen, and Jimmy Lam
         Yale University

Read   50 objects so far...
Read  100 objects so far...
Read  150 objects so far...
Read  200 objects so far...
Read  250 objects so far...
Read  300 objects so far...
Read  350 objects so far...
Read  400 objects so far...
Read  450 objects so far...
Read  500 objects so far...
Read  550 objects so far...
Read  600 objects so far...
Read  650 objects so far...
Read  700 objects so far...
Read  750 objects so far...
Read  800 objects so far...
Read  850 objects so far...
Read  900 objects so far...
Read  950 objects so far...
Read 1000 objects so far...
No syntax errors were found

syntax terminated normally with no errors and 0 warning[s]


----------------------------
Total stdcells     :995
Total cell width   :2.15e+06
Total cell height  :3.58e+06
Total cell area    :7.73e+09
Total core area    :7.73e+09
Average cell height:3.60e+03


nocut - replacement for Mincut version:v1.0 date:Mon May 25 21:09:40 EDT 1992
TimberWolf System Floorplan Setup Program
Authors: Carl Sechen, Bill Swartz,
         Yale University

Read   50 objects so far...
Read  100 objects so far...
Read  150 objects so far...
Read  200 objects so far...
Read  250 objects so far...
Read  300 objects so far...
Read  350 objects so far...
Read  400 objects so far...
Read  450 objects so far...
Read  500 objects so far...
Read  550 objects so far...
Read  600 objects so far...
Read  650 objects so far...
Read  700 objects so far...
Read  750 objects so far...
Read  800 objects so far...
Read  850 objects so far...
Read  900 objects so far...
Read  950 objects so far...
Read 1000 objects so far...
Splitting serv_exec_unit.cel into serv_exec_unit.scel and serv_exec_unit.mcel...
	done!


nocut - replacement for Mincut terminated normally with no errors and 0 warning[s]


TimberWolfMC version:v2.2 date:Mon May 25 21:18:34 EDT 1992
Authors: Carl Sechen, Bill Swartz, Kai-Win Lee
         Dahe Chen, and Jimmy Lam
         Yale University

config version:v1.0 date:Mon May 25 20:57:18 EDT 1992
Row configuration program
    Yale University


config switches:
	Graphics mode on
	config will inherit window



config terminated normally with no errors and 0 warning[s]


TimberWolfMC terminated normally with no errors and 0 warning[s]



TimberWolfSC switches:
	Graphics mode on
	TimberWolfSC will inherit window

TimberWolfSC version:v6.0 date:Mon May 25 21:19:07 EDT 1992
Row-Based Placement and Global Routing Program
Authors: Carl Sechen, Kai-Win Lee, and Bill Swartz,
         Yale University
  0 
  1   2   3   4   5   6   7   8   9  10  11  12  13  14  15 
 16  17  18  19  20  21  22  23  24  25  26  27  28  29  30 
 31  32  33  34  35  36  37  38  39  40  41  42  43  44  45 
 46  47  48  49  50  51  52  53  54  55  56  57  58  59  60 
 61  62  63  64  65  66  67  68  69  70  71  72  73  74  75 
 76  77  78  79  80  81  82  83  84  85  86  87  88  89  90 
 91  92  93  94  95  96  97  98  99 100 101 102 103 104 105 
106 107 108 109 110 111 112 113 114 115 116 117 118 119 120 
121 122 123 124 125 126 127 128 129 130 131 132 133 134 135 
136 137 138 139 140 141 142 143 144 145 146 147 148 149 150 
151 152 153 154 155 156 157 158 
 block left edge is at -299
 the longest block length is 92700
 building the steiner trees
 rebuilding the steiner tree

----start doing coarse global routing ------ 
 ITERATION  1

  longest Row is:4   Its length is:90300
 doing feed-through pins assignment
 building the net-tree now !
 set up the global routing grids
 the starting value of tracks =  221
 tracks = 207 at attempts =  1000
 tracks = 201 at attempts =  2000
 tracks = 196 at attempts =  3000
 tracks = 193 at attempts =  4000
 tracks = 192 at attempts =  5000
 tracks = 191 at attempts =  6000
 tracks = 191 at attempts =  7000
 tracks = 191 at attempts =  8000
 tracks = 191 at attempts =  9000
 tracks = 191 at attempts = 10000
 tracks = 191 at attempts = 11000
 tracks = 191 at attempts = 12000
 tracks = 191 at attempts = 13000
 tracks = 191 at attempts = 14000
 tracks = 191 at attempts = 15000
 tracks = 191 at attempts = 16000
 tracks = 191 at attempts = 17000
 tracks = 191 at attempts = 18000
 tracks = 191 at attempts = 19000
 tracks = 191 at attempts = 20000
 tracks = 191 at attempts = 21000
 tracks = 191 at attempts = 22000
 tracks = 191 at attempts = 23000
 tracks = 191 at attempts = 24000
 tracks = 191 at attempts = 25000
 removing redundant feed-through pins
 the connectivity of all the nets is verified

 block left edge is at -299
 the longest block length is 92700
 building the steiner trees
 rebuilding the steiner tree

----start doing coarse global routing ------ 
 ITERATION  1

  longest Row is:4   Its length is:90300
 doing feed-through pins assignment
 building the net-tree now !
 set up the global routing grids
 the starting value of tracks =  221
 tracks = 204 at attempts =  1000
 tracks = 198 at attempts =  2000
 tracks = 197 at attempts =  3000
 tracks = 194 at attempts =  4000
 tracks = 194 at attempts =  5000
 tracks = 193 at attempts =  6000
 tracks = 193 at attempts =  7000
 tracks = 193 at attempts =  8000
 tracks = 193 at attempts =  9000
 tracks = 193 at attempts = 10000
 tracks = 193 at attempts = 11000
 tracks = 193 at attempts = 12000
 tracks = 193 at attempts = 13000
 tracks = 193 at attempts = 14000
 tracks = 193 at attempts = 15000
 tracks = 193 at attempts = 16000
 tracks = 193 at attempts = 17000
 tracks = 193 at attempts = 18000
 tracks = 193 at attempts = 19000
 tracks = 193 at attempts = 20000
 tracks = 193 at attempts = 21000
 tracks = 193 at attempts = 22000
 tracks = 193 at attempts = 23000
 tracks = 193 at attempts = 24000
 tracks = 193 at attempts = 25000
 removing redundant feed-through pins
 the connectivity of all the nets is verified

 block left edge is at -299
 the longest block length is 92700
 building the steiner trees
 rebuilding the steiner tree

----start doing coarse global routing ------ 
 ITERATION  1

  longest Row is:4   Its length is:90300
 doing feed-through pins assignment
 building the net-tree now !
 set up the global routing grids
 the starting value of tracks =  224
 tracks = 211 at attempts =  1000
 tracks = 207 at attempts =  2000
 tracks = 205 at attempts =  3000
 tracks = 203 at attempts =  4000
 tracks = 202 at attempts =  5000
 tracks = 201 at attempts =  6000
 tracks = 200 at attempts =  7000
 tracks = 200 at attempts =  8000
 tracks = 200 at attempts =  9000
 tracks = 200 at attempts = 10000
 tracks = 200 at attempts = 11000
 tracks = 200 at attempts = 12000
 tracks = 200 at attempts = 13000
 tracks = 200 at attempts = 14000
 tracks = 200 at attempts = 15000
 tracks = 200 at attempts = 16000
 tracks = 200 at attempts = 17000
 tracks = 200 at attempts = 18000
 tracks = 200 at attempts = 19000
 tracks = 200 at attempts = 20000
 tracks = 200 at attempts = 21000
 tracks = 200 at attempts = 22000
 tracks = 200 at attempts = 23000
 tracks = 200 at attempts = 24000
 tracks = 200 at attempts = 25000
 removing redundant feed-through pins
 the connectivity of all the nets is verified

 block left edge is at -299
 the longest block length is 92700
 building the steiner trees
 rebuilding the steiner tree

----start doing coarse global routing ------ 
 ITERATION  1

  longest Row is:4   Its length is:90300
 doing feed-through pins assignment
 building the net-tree now !
 set up the global routing grids
 the starting value of tracks =  244
 tracks = 242 at attempts =  1000
 tracks = 242 at attempts =  2000
 tracks = 242 at attempts =  3000
 tracks = 242 at attempts =  4000
 tracks = 242 at attempts =  5000
 tracks = 242 at attempts =  6000
 tracks = 242 at attempts =  7000
 tracks = 242 at attempts =  8000
 tracks = 242 at attempts =  9000
 tracks = 242 at attempts = 10000
 tracks = 242 at attempts = 11000
 tracks = 242 at attempts = 12000
 tracks = 242 at attempts = 13000
 tracks = 242 at attempts = 14000
 tracks = 242 at attempts = 15000
 tracks = 242 at attempts = 16000
 tracks = 242 at attempts = 17000
 tracks = 242 at attempts = 18000
 tracks = 242 at attempts = 19000
 tracks = 242 at attempts = 20000
 tracks = 242 at attempts = 21000
 tracks = 242 at attempts = 22000
 tracks = 242 at attempts = 23000
 tracks = 242 at attempts = 24000
 tracks = 242 at attempts = 25000
 removing redundant feed-through pins
 the connectivity of all the nets is verified

 block left edge is at -299
 the longest block length is 92700
 building the steiner trees
 rebuilding the steiner tree

----start doing coarse global routing ------ 
 ITERATION  1

  longest Row is:4   Its length is:90300
 doing feed-through pins assignment
 building the net-tree now !
 set up the global routing grids
 the starting value of tracks =  222
 tracks = 200 at attempts =  1000
 tracks = 196 at attempts =  2000
 tracks = 194 at attempts =  3000
 tracks = 192 at attempts =  4000
 tracks = 189 at attempts =  5000
 tracks = 187 at attempts =  6000
 tracks = 187 at attempts =  7000
 tracks = 186 at attempts =  8000
 tracks = 186 at attempts =  9000
 tracks = 186 at attempts = 10000
 tracks = 186 at attempts = 11000
 tracks = 186 at attempts = 12000
 tracks = 186 at attempts = 13000
 tracks = 186 at attempts = 14000
 tracks = 186 at attempts = 15000
 tracks = 186 at attempts = 16000
 tracks = 186 at attempts = 17000
 tracks = 186 at attempts = 18000
 tracks = 186 at attempts = 19000
 tracks = 186 at attempts = 20000
 tracks = 186 at attempts = 21000
 tracks = 186 at attempts = 22000
 tracks = 186 at attempts = 23000
 tracks = 186 at attempts = 24000
 tracks = 186 at attempts = 25000
 removing redundant feed-through pins
 the connectivity of all the nets is verified

 block left edge is at -299
 the longest block length is 92700
 building the steiner trees
 rebuilding the steiner tree

----start doing coarse global routing ------ 
 ITERATION  1

  longest Row is:4   Its length is:90300
 doing feed-through pins assignment
 building the net-tree now !
 set up the global routing grids
 the starting value of tracks =  221
 tracks = 205 at attempts =  1000
 tracks = 199 at attempts =  2000
 tracks = 197 at attempts =  3000
 tracks = 195 at attempts =  4000
 tracks = 194 at attempts =  5000
 tracks = 194 at attempts =  6000
 tracks = 194 at attempts =  7000
 tracks = 194 at attempts =  8000
 tracks = 194 at attempts =  9000
 tracks = 194 at attempts = 10000
 tracks = 194 at attempts = 11000
 tracks = 194 at attempts = 12000
 tracks = 194 at attempts = 13000
 tracks = 194 at attempts = 14000
 tracks = 194 at attempts = 15000
 tracks = 193 at attempts = 16000
 tracks = 193 at attempts = 17000
 tracks = 193 at attempts = 18000
 tracks = 193 at attempts = 19000
 tracks = 193 at attempts = 20000
 tracks = 193 at attempts = 21000
 tracks = 193 at attempts = 22000
 tracks = 193 at attempts = 23000
 tracks = 193 at attempts = 24000
 tracks = 193 at attempts = 25000
 removing redundant feed-through pins
 the connectivity of all the nets is verified

 block left edge is at -299
 the longest block length is 92700
 building the steiner trees
 rebuilding the steiner tree

----start doing coarse global routing ------ 
 ITERATION  1

  longest Row is:4   Its length is:90300
 doing feed-through pins assignment
 building the net-tree now !
 set up the global routing grids
 the starting value of tracks =  220
 tracks = 205 at attempts =  1000
 tracks = 200 at attempts =  2000
 tracks = 198 at attempts =  3000
 tracks = 197 at attempts =  4000
 tracks = 195 at attempts =  5000
 tracks = 195 at attempts =  6000
 tracks = 195 at attempts =  7000
 tracks = 195 at attempts =  8000
 tracks = 195 at attempts =  9000
 tracks = 195 at attempts = 10000
 tracks = 195 at attempts = 11000
 tracks = 195 at attempts = 12000
 tracks = 195 at attempts = 13000
 tracks = 195 at attempts = 14000
 tracks = 195 at attempts = 15000
 tracks = 195 at attempts = 16000
 tracks = 195 at attempts = 17000
 tracks = 195 at attempts = 18000
 tracks = 195 at attempts = 19000
 tracks = 195 at attempts = 20000
 tracks = 195 at attempts = 21000
 tracks = 195 at attempts = 22000
 tracks = 195 at attempts = 23000
 tracks = 195 at attempts = 24000
 tracks = 195 at attempts = 25000
 removing redundant feed-through pins
 the connectivity of all the nets is verified

 block left edge is at -299
 the longest block length is 92700
 building the steiner trees
 rebuilding the steiner tree

----start doing coarse global routing ------ 
 ITERATION  1

  longest Row is:4   Its length is:90300
 doing feed-through pins assignment
 building the net-tree now !
 set up the global routing grids
 the starting value of tracks =  242
 tracks = 241 at attempts =  1000
 tracks = 241 at attempts =  2000
 tracks = 241 at attempts =  3000
 tracks = 241 at attempts =  4000
 tracks = 241 at attempts =  5000
 tracks = 241 at attempts =  6000
 tracks = 241 at attempts =  7000
 tracks = 241 at attempts =  8000
 tracks = 241 at attempts =  9000
 tracks = 241 at attempts = 10000
 tracks = 241 at attempts = 11000
 tracks = 241 at attempts = 12000
 tracks = 241 at attempts = 13000
 tracks = 241 at attempts = 14000
 tracks = 241 at attempts = 15000
 tracks = 241 at attempts = 16000
 tracks = 241 at attempts = 17000
 tracks = 241 at attempts = 18000
 tracks = 241 at attempts = 19000
 tracks = 241 at attempts = 20000
 tracks = 241 at attempts = 21000
 tracks = 241 at attempts = 22000
 tracks = 241 at attempts = 23000
 tracks = 241 at attempts = 24000
 tracks = 241 at attempts = 25000
 removing redundant feed-through pins
 the connectivity of all the nets is verified


***********************************************
*ACTUAL* FINAL NUMBER OF ROUTING TRACKS: 186
***********************************************


TimberWolfSC terminated normally with no errors and 0 warning[s]


twflow terminated normally with no errors and 0 warning[s]

Running getantennacell to determine cell to use for antenna anchors.
getantennacell.tcl serv_exec_unit  /usr/local/share/qflow/tech/etri050/etri050_stdcells.lef 
Running getfillcell to determine cell to use for fill.
getfillcell.tcl serv_exec_unit  /usr/local/share/qflow/tech/etri050/etri050_stdcells.lef FILL
Using cell FILL for fill
Running place2def to translate graywolf output to DEF format.
place2def.tcl serv_exec_unit FILL 
Running place2def.tcl
DEF database: 100 units per micron
Limits: xbot = -802.0 ybot = -795.0 xtop = 90802.0 ytop = 86895.0
Core values: 150 150 90450 86550
Offsets: 150 150
3 routing layers
293 horizontal tracks from -600.0 to 87300.0 step 300 (M1, M3, ...)
306 vertical tracks from -600.0 to 91200.0 step 300 (M2, M4, ...)
Summary: Total components = 2427
  Fill cells  = 1432
  Other cells = 995
Done with place2def.tcl
Running addspacers to generate power stripes and align cell right edge
addspacers -stripe 8 225 PG  -p vdd -g gnd -f FILL -O   -l  /usr/local/share/qflow/tech/etri050/etri050_stdcells.lef -o serv_exec_unit_filled.def serv_exec_unit
Warning:  Stretching requested, but not applicable.
Stripe width requested = 8, stripe width used = 9
Will not generate over-cell power stripes due to lack of route layers
Generating comb structures instead.
Initial core layout: (150 150) to (90450 86550) (scale um * 100)
Running arrangepins to adjust pin positions for optimal routing.
arrangepins.tcl  serv_exec_unit
Reading info file serv_exec_unit.info. . .
Reading DEF file serv_exec_unit.def. . .
Recalculating pin positions
Writing DEF file serv_exec_unit_mod.def. . .
Done with arrangepins.tcl
DEF2Verilog -v /home/hosung/Ho/MPW/MPW_workspace/Bit_Up/C_SERV_ALU_FPGA/ETRI050_Ho/synthesis/serv_exec_unit.rtlnopwr.v -o /home/hosung/Ho/MPW/MPW_workspace/Bit_Up/C_SERV_ALU_FPGA/ETRI050_Ho/synthesis/serv_exec_unit_anno.v
-p vdd -g gnd  -l  /usr/local/share/qflow/tech/etri050/etri050_stdcells.lef serv_exec_unit.def

Generating RTL verilog and SPICE netlist file in directory
   /home/hosung/Ho/MPW/MPW_workspace/Bit_Up/C_SERV_ALU_FPGA/ETRI050_Ho/synthesis
Files:
   Verilog: /home/hosung/Ho/MPW/MPW_workspace/Bit_Up/C_SERV_ALU_FPGA/ETRI050_Ho/synthesis/serv_exec_unit.rtl.v
   Verilog: /home/hosung/Ho/MPW/MPW_workspace/Bit_Up/C_SERV_ALU_FPGA/ETRI050_Ho/synthesis/serv_exec_unit.rtlnopwr.v
   Verilog: /home/hosung/Ho/MPW/MPW_workspace/Bit_Up/C_SERV_ALU_FPGA/ETRI050_Ho/synthesis/serv_exec_unit.rtlbb.v
   Spice:   /home/hosung/Ho/MPW/MPW_workspace/Bit_Up/C_SERV_ALU_FPGA/ETRI050_Ho/synthesis/serv_exec_unit.spc

Running vlog2Verilog.
vlog2Verilog -c -v vdd -g gnd -o serv_exec_unit.rtl.v serv_exec_unit_anno.v
vlog2Verilog -c -p -v vdd -g gnd -o serv_exec_unit.rtlnopwr.v serv_exec_unit_anno.v
vlog2Verilog -c -b -p -n -v vdd -g gnd -o serv_exec_unit.rtlbb.v serv_exec_unit_anno.v
Running vlog2Spice.
vlog2Spice -i -l  /usr/local/share/qflow/tech/etri050/etri050_stdcells.sp -o serv_exec_unit.spc serv_exec_unit.rtl.v
Warning:  No SPICE subcircuit for FILL.  Pin order will be arbitrary.
Placement script ended on Wed Jun 3 14:57:56 KST 2026
