36 nets failed to route:
 \u_cpu.immdec.gen_immdec_w_eq_1.imm30_25\[4]
 _75_
 _482_
 _934_
 _242_
 \u_mem_serial.shift_reg\[26]
 _714_
 \u_cpu.bufreg.i_shamt\[0]
 _220_
 \u_mem_serial.shift_reg\[30]
 _222_
 _221_
 _407__bF$buf4
 _414_
 _219__bF$buf4
 mem_dbus_ack_bF$buf0
 _694_
 _991_
 _435_
 _420_
 \u_mem_serial.shift_reg\[7]
 _1126_
 _628_
 \u_cpu.decode.opcode\[0]
 \u_rf_if.i_stream_rs2_en\
 _641_
 _542_
 _404__bF$buf3
 _1119__bF$buf5
 _404__bF$buf5
 _687_
 _978_
 mem_ibus_ack_bF$buf2
 _110_
 _946_
 i_clk_sys_ext_bF$buf3
