TB_PC: 00000000 TIME:             12969000
TB_PC: 00000004 TIME:            154969000
TB_PC: 00000008 TIME:            296969000
TB_PC: 0000000c TIME:            438969000
TB_PC: 00000010 TIME:            580969000
TB_PC: 00000014 TIME:            722969000
TB_PC: 00000018 TIME:            864969000
TB_PC: 0000001c TIME:           1006969000
TB_DBUS_WE: addr=00000700 data=00000190 sel=1111 TIME:           1142969000
TB_DBUS_WE: addr=00000700 data=00000190 sel=1111 TIME:           1144969000
TB_DBUS_WE: addr=00000700 data=00000190 sel=1111 TIME:           1146969000
TB_DBUS_WE: addr=00000700 data=00000190 sel=1111 TIME:           1148969000
TB_PC: 00000020 TIME:           1220969000
TB_PC: 00000024 TIME:           1416969000
TB_PC: 00000028 TIME:           1558969000
TB_PC: 0000002c TIME:           1700969000
TB_PC: 00000030 TIME:           1842969000
TB_PC: 00000034 TIME:           1984969000
TB_DBUS_WE: addr=00000704 data=fffffda8 sel=1111 TIME:           2120969000
TB_DBUS_WE: addr=00000704 data=fffffda8 sel=1111 TIME:           2122969000
TB_DBUS_WE: addr=00000704 data=fffffda8 sel=1111 TIME:           2124969000
TB_DBUS_WE: addr=00000704 data=fffffda8 sel=1111 TIME:           2126969000
TB_PC: 00000038 TIME:           2198969000
TB_PC: 0000003c TIME:           2458969000
TB_PC: 00000040 TIME:           2654969000
TB_PC: 00000044 TIME:           2796969000
TB_PC: 00000048 TIME:           2938969000
TB_PC: 0000004c TIME:           3080969000
TB_DBUS_WE: addr=00000708 data=ff380000 sel=1111 TIME:           3216969000
TB_DBUS_WE: addr=00000708 data=ff380000 sel=1111 TIME:           3218969000
TB_DBUS_WE: addr=00000708 data=ff380000 sel=1111 TIME:           3220969000
TB_DBUS_WE: addr=00000708 data=ff380000 sel=1111 TIME:           3222969000
TB_PC: 00000050 TIME:           3294969000
TB_PC: 00000054 TIME:           3554969000
TB_PC: 00000058 TIME:           3750969000
TB_PC: 0000005c TIME:           3892969000
TB_PC: 00000060 TIME:           4034969000
TB_PC: 00000064 TIME:           4176969000
TB_DBUS_WE: addr=0000070c data=00000001 sel=1111 TIME:           4312969000
TB_DBUS_WE: addr=0000070c data=00000001 sel=1111 TIME:           4314969000
TB_DBUS_WE: addr=0000070c data=00000001 sel=1111 TIME:           4316969000
TB_DBUS_WE: addr=0000070c data=00000001 sel=1111 TIME:           4318969000
TB_PC: 00000068 TIME:           4390969000
TB_PC: 0000006c TIME:           4650969000
TB_PC: 00000070 TIME:           4846969000
TB_PC: 00000074 TIME:           4988969000
TB_PC: 00000078 TIME:           5130969000
TB_PC: 0000007c TIME:           5272969000
TB_DBUS_WE: addr=00000710 data=00000000 sel=1111 TIME:           5408969000
TB_DBUS_WE: addr=00000710 data=00000000 sel=1111 TIME:           5410969000
TB_DBUS_WE: addr=00000710 data=00000000 sel=1111 TIME:           5412969000
TB_DBUS_WE: addr=00000710 data=00000000 sel=1111 TIME:           5414969000
TB_PC: 00000080 TIME:           5486969000
TB_PC: 00000084 TIME:           5682969000
TB_PC: 00000088 TIME:           5824969000
TB_PC: 0000008c TIME:           5966969000
TB_PC: 00000090 TIME:           6108969000
TB_PC: 00000094 TIME:           6250969000
TB_DBUS_WE: addr=00000714 data=fffffea8 sel=1111 TIME:           6386969000
TB_DBUS_WE: addr=00000714 data=fffffea8 sel=1111 TIME:           6388969000
TB_DBUS_WE: addr=00000714 data=fffffea8 sel=1111 TIME:           6390969000
TB_DBUS_WE: addr=00000714 data=fffffea8 sel=1111 TIME:           6392969000
TB_PC: 00000098 TIME:           6464969000
TB_PC: 0000009c TIME:           6660969000
TB_PC: 000000a0 TIME:           6802969000
TB_PC: 000000a4 TIME:           6944969000
TB_PC: 000000a8 TIME:           7086969000
TB_PC: 000000ac TIME:           7228969000
TB_DBUS_WE: addr=00000718 data=ffffffb8 sel=1111 TIME:           7364969000
TB_DBUS_WE: addr=00000718 data=ffffffb8 sel=1111 TIME:           7366969000
TB_DBUS_WE: addr=00000718 data=ffffffb8 sel=1111 TIME:           7368969000
TB_DBUS_WE: addr=00000718 data=ffffffb8 sel=1111 TIME:           7370969000
TB_PC: 000000b0 TIME:           7442969000
TB_PC: 000000b4 TIME:           7638969000
TB_PC: 000000b8 TIME:           7780969000
TB_PC: 000000bc TIME:           7922969000
TB_PC: 000000c0 TIME:           8064969000
TB_PC: 000000c4 TIME:           8206969000
TB_DBUS_WE: addr=0000071c data=00000110 sel=1111 TIME:           8342969000
TB_DBUS_WE: addr=0000071c data=00000110 sel=1111 TIME:           8344969000
TB_DBUS_WE: addr=0000071c data=00000110 sel=1111 TIME:           8346969000
TB_DBUS_WE: addr=0000071c data=00000110 sel=1111 TIME:           8348969000
TB_PC: 000000c8 TIME:           8420969000
TB_PC: 000000cc TIME:           8712969000
TB_PC: 000000d0 TIME:           8908969000
TB_PC: 000000d4 TIME:           9050969000
TB_PC: 000000d8 TIME:           9192969000
TB_PC: 000000dc TIME:           9334969000
TB_DBUS_WE: addr=00000720 data=0000ffff sel=1111 TIME:           9470969000
TB_DBUS_WE: addr=00000720 data=0000ffff sel=1111 TIME:           9472969000
TB_DBUS_WE: addr=00000720 data=0000ffff sel=1111 TIME:           9474969000
TB_DBUS_WE: addr=00000720 data=0000ffff sel=1111 TIME:           9476969000
TB_PC: 000000e0 TIME:           9548969000
TB_PC: 000000e4 TIME:           9840969000
TB_PC: 000000e8 TIME:          10036969000
TB_PC: 000000ec TIME:          10178969000
TB_PC: 000000f0 TIME:          10320969000
TB_PC: 000000f4 TIME:          10462969000
TB_DBUS_WE: addr=00000724 data=ffffffff sel=1111 TIME:          10598969000
TB_DBUS_WE: addr=00000724 data=ffffffff sel=1111 TIME:          10600969000
TB_DBUS_WE: addr=00000724 data=ffffffff sel=1111 TIME:          10602969000
TB_DBUS_WE: addr=00000724 data=ffffffff sel=1111 TIME:          10604969000
TB_PC: 000000f8 TIME:          10676969000
TB_PC: 000000fc TIME:          10936969000
TB_PC: 00000100 TIME:          11132969000
TB_PC: 00000104 TIME:          11274969000
TB_PC: 00000108 TIME:          11416969000
TB_PC: 0000010c TIME:          11558969000
TB_DBUS_WE: addr=00000728 data=f3800000 sel=1111 TIME:          11694969000
TB_DBUS_WE: addr=00000728 data=f3800000 sel=1111 TIME:          11696969000
TB_DBUS_WE: addr=00000728 data=f3800000 sel=1111 TIME:          11698969000
TB_DBUS_WE: addr=00000728 data=f3800000 sel=1111 TIME:          11700969000
TB_PC: 00000110 TIME:          11772969000
TB_PC: 00000114 TIME:          12072969000
TB_PC: 00000118 TIME:          12268969000
TB_PC: 0000011c TIME:          12410969000
TB_PC: 00000120 TIME:          12552969000
TB_PC: 00000124 TIME:          12694969000
TB_DBUS_WE: addr=0000072c data=00000fff sel=1111 TIME:          12830969000
TB_DBUS_WE: addr=0000072c data=00000fff sel=1111 TIME:          12832969000
TB_DBUS_WE: addr=0000072c data=00000fff sel=1111 TIME:          12834969000
TB_DBUS_WE: addr=0000072c data=00000fff sel=1111 TIME:          12836969000
TB_PC: 00000128 TIME:          12908969000
TB_PC: 0000012c TIME:          13208969000
TB_PC: 00000130 TIME:          13404969000
TB_PC: 00000134 TIME:          13546969000
TB_PC: 00000138 TIME:          13688969000
TB_PC: 0000013c TIME:          13830969000
TB_DBUS_WE: addr=00000730 data=ffffffff sel=1111 TIME:          13966969000
TB_DBUS_WE: addr=00000730 data=ffffffff sel=1111 TIME:          13968969000
TB_DBUS_WE: addr=00000730 data=ffffffff sel=1111 TIME:          13970969000
TB_DBUS_WE: addr=00000730 data=ffffffff sel=1111 TIME:          13972969000
TB_PC: 00000140 TIME:          14044969000
TB_PC: 00000144 TIME:          14240969000
TB_PC: 00000148 TIME:          14382969000
TB_PC: 0000014c TIME:          14524969000
TB_PC: 00000150 TIME:          14666969000
TB_PC: 00000154 TIME:          14808969000
TB_DBUS_WE: addr=00000734 data=fffffe70 sel=1111 TIME:          14944969000
TB_DBUS_WE: addr=00000734 data=fffffe70 sel=1111 TIME:          14946969000
TB_DBUS_WE: addr=00000734 data=fffffe70 sel=1111 TIME:          14948969000
TB_DBUS_WE: addr=00000734 data=fffffe70 sel=1111 TIME:          14950969000
TB_PC: 00000158 TIME:          15022969000
TB_PC: 0000015c TIME:          15282969000
TB_PC: 00000160 TIME:          15478969000
TB_PC: 00000164 TIME:          15620969000
TB_PC: 00000168 TIME:          15762969000
TB_PC: 0000016c TIME:          15904969000
TB_DBUS_WE: addr=00000738 data=00000000 sel=1111 TIME:          16040969000
TB_DBUS_WE: addr=00000738 data=00000000 sel=1111 TIME:          16042969000
TB_DBUS_WE: addr=00000738 data=00000000 sel=1111 TIME:          16044969000
TB_DBUS_WE: addr=00000738 data=00000000 sel=1111 TIME:          16046969000
TB_PC: 00000170 TIME:          16118969000
TB_PC: 00000174 TIME:          16378969000
TB_PC: 00000178 TIME:          16574969000
TB_PC: 0000017c TIME:          16716969000
TB_PC: 00000180 TIME:          16858969000
TB_PC: 00000184 TIME:          17000969000
TB_DBUS_WE: addr=0000073c data=00000000 sel=1111 TIME:          17136969000
TB_DBUS_WE: addr=0000073c data=00000000 sel=1111 TIME:          17138969000
TB_DBUS_WE: addr=0000073c data=00000000 sel=1111 TIME:          17140969000
TB_DBUS_WE: addr=0000073c data=00000000 sel=1111 TIME:          17142969000
TB_PC: 00000188 TIME:          17214969000
TB_PC: 0000018c TIME:          17410969000
TB_PC: 00000190 TIME:          17552969000
TB_PC: 00000194 TIME:          17694969000
TB_PC: 00000198 TIME:          17836969000
TB_PC: 0000019c TIME:          17978969000
TB_DBUS_WE: addr=00000740 data=00000000 sel=1111 TIME:          18114969000
TB_DBUS_WE: addr=00000740 data=00000000 sel=1111 TIME:          18116969000
TB_DBUS_WE: addr=00000740 data=00000000 sel=1111 TIME:          18118969000
TB_DBUS_WE: addr=00000740 data=00000000 sel=1111 TIME:          18120969000
TB_PC: 000001a0 TIME:          18192969000
TB_PC: 000001a4 TIME:          18388969000
TB_PC: 000001a8 TIME:          18530969000
TB_PC: 000001ac TIME:          18672969000
TB_PC: 000001b0 TIME:          18814969000
TB_PC: 000001b4 TIME:          18956969000
TB_DBUS_WE: addr=00000744 data=ffffff38 sel=1111 TIME:          19092969000
TB_DBUS_WE: addr=00000744 data=ffffff38 sel=1111 TIME:          19094969000
TB_DBUS_WE: addr=00000744 data=ffffff38 sel=1111 TIME:          19096969000
TB_DBUS_WE: addr=00000744 data=ffffff38 sel=1111 TIME:          19098969000
TB_PC: 000001b8 TIME:          19170969000
TB_PC: 000001bc TIME:          19366969000
TB_PC: 000001c0 TIME:          19508969000
TB_PC: 000001c4 TIME:          19650969000
TB_PC: 000001c8 TIME:          19792969000
TB_PC: 000001cc TIME:          19934969000
TB_DBUS_WE: addr=00000748 data=ffffff38 sel=1111 TIME:          20070969000
TB_DBUS_WE: addr=00000748 data=ffffff38 sel=1111 TIME:          20072969000
TB_DBUS_WE: addr=00000748 data=ffffff38 sel=1111 TIME:          20074969000
TB_DBUS_WE: addr=00000748 data=ffffff38 sel=1111 TIME:          20076969000
TB_PC: 000001d0 TIME:          20148969000
TB_PC: 000001d4 TIME:          20344969000
TB_PC: 000001d8 TIME:          20558969000
TB_PC: 000001dc TIME:          20754969000
TB_PC: 000001e0 TIME:          20896969000
TB_PC: 000001e4 TIME:          21038969000
TB_PC: 000001e8 TIME:          21180969000
TB_DBUS_WE: addr=0000074c data=deadbeef sel=1111 TIME:          21316969000
TB_DBUS_WE: addr=0000074c data=deadbeef sel=1111 TIME:          21318969000
TB_DBUS_WE: addr=0000074c data=deadbeef sel=1111 TIME:          21320969000
TB_DBUS_WE: addr=0000074c data=deadbeef sel=1111 TIME:          21322969000
TB_PC: 000001ec TIME:          21394969000
TB_PC: 000001f0 TIME:          21662969000
TB_PC: 000001f4 TIME:          21858969000
TB_PC: 000001f8 TIME:          22000969000
TB_PC: 000001fc TIME:          22142969000
TB_PC: 00000200 TIME:          22284969000
TB_DBUS_WE: addr=00000750 data=ffffbeef sel=1111 TIME:          22420969000
TB_DBUS_WE: addr=00000750 data=ffffbeef sel=1111 TIME:          22422969000
TB_DBUS_WE: addr=00000750 data=ffffbeef sel=1111 TIME:          22424969000
TB_DBUS_WE: addr=00000750 data=ffffbeef sel=1111 TIME:          22426969000
TB_PC: 00000204 TIME:          22498969000
TB_PC: 00000208 TIME:          22766969000
TB_PC: 0000020c TIME:          22962969000
TB_PC: 00000210 TIME:          23104969000
TB_PC: 00000214 TIME:          23246969000
TB_PC: 00000218 TIME:          23388969000
TB_DBUS_WE: addr=00000754 data=ffffdead sel=1111 TIME:          23524969000
TB_DBUS_WE: addr=00000754 data=ffffdead sel=1111 TIME:          23526969000
TB_DBUS_WE: addr=00000754 data=ffffdead sel=1111 TIME:          23528969000
TB_DBUS_WE: addr=00000754 data=ffffdead sel=1111 TIME:          23530969000
TB_PC: 0000021c TIME:          23602969000
TB_PC: 00000220 TIME:          23870969000
TB_PC: 00000224 TIME:          24066969000
TB_PC: 00000228 TIME:          24208969000
TB_PC: 0000022c TIME:          24350969000
TB_PC: 00000230 TIME:          24492969000
TB_DBUS_WE: addr=00000758 data=ffffffef sel=1111 TIME:          24628969000
TB_DBUS_WE: addr=00000758 data=ffffffef sel=1111 TIME:          24630969000
TB_DBUS_WE: addr=00000758 data=ffffffef sel=1111 TIME:          24632969000
TB_DBUS_WE: addr=00000758 data=ffffffef sel=1111 TIME:          24634969000
TB_PC: 00000234 TIME:          24706969000
TB_PC: 00000238 TIME:          24974969000
TB_PC: 0000023c TIME:          25170969000
TB_PC: 00000240 TIME:          25312969000
TB_PC: 00000244 TIME:          25454969000
TB_PC: 00000248 TIME:          25596969000
TB_DBUS_WE: addr=0000075c data=ffffffbe sel=1111 TIME:          25732969000
TB_DBUS_WE: addr=0000075c data=ffffffbe sel=1111 TIME:          25734969000
TB_DBUS_WE: addr=0000075c data=ffffffbe sel=1111 TIME:          25736969000
TB_DBUS_WE: addr=0000075c data=ffffffbe sel=1111 TIME:          25738969000
TB_PC: 0000024c TIME:          25810969000
TB_PC: 00000250 TIME:          26078969000
TB_PC: 00000254 TIME:          26274969000
TB_PC: 00000258 TIME:          26416969000
TB_PC: 0000025c TIME:          26558969000
TB_PC: 00000260 TIME:          26700969000
TB_DBUS_WE: addr=00000760 data=ffffffad sel=1111 TIME:          26836969000
TB_DBUS_WE: addr=00000760 data=ffffffad sel=1111 TIME:          26838969000
TB_DBUS_WE: addr=00000760 data=ffffffad sel=1111 TIME:          26840969000
TB_DBUS_WE: addr=00000760 data=ffffffad sel=1111 TIME:          26842969000
TB_PC: 00000264 TIME:          26914969000
TB_PC: 00000268 TIME:          27182969000
TB_PC: 0000026c TIME:          27378969000
TB_PC: 00000270 TIME:          27520969000
TB_PC: 00000274 TIME:          27662969000
TB_PC: 00000278 TIME:          27804969000
TB_DBUS_WE: addr=00000764 data=ffffffde sel=1111 TIME:          27940969000
TB_DBUS_WE: addr=00000764 data=ffffffde sel=1111 TIME:          27942969000
TB_DBUS_WE: addr=00000764 data=ffffffde sel=1111 TIME:          27944969000
TB_DBUS_WE: addr=00000764 data=ffffffde sel=1111 TIME:          27946969000
TB_PC: 0000027c TIME:          28018969000
TB_PC: 00000280 TIME:          28286969000
TB_PC: 00000284 TIME:          28482969000
TB_PC: 00000288 TIME:          28624969000
TB_PC: 0000028c TIME:          28766969000
TB_PC: 00000290 TIME:          28908969000
TB_DBUS_WE: addr=00000768 data=0000beef sel=1111 TIME:          29044969000
TB_DBUS_WE: addr=00000768 data=0000beef sel=1111 TIME:          29046969000
TB_DBUS_WE: addr=00000768 data=0000beef sel=1111 TIME:          29048969000
TB_DBUS_WE: addr=00000768 data=0000beef sel=1111 TIME:          29050969000
TB_PC: 00000294 TIME:          29122969000
TB_PC: 00000298 TIME:          29390969000
TB_PC: 0000029c TIME:          29586969000
TB_PC: 000002a0 TIME:          29728969000
TB_PC: 000002a4 TIME:          29870969000
TB_PC: 000002a8 TIME:          30012969000
TB_DBUS_WE: addr=0000076c data=0000dead sel=1111 TIME:          30148969000
TB_DBUS_WE: addr=0000076c data=0000dead sel=1111 TIME:          30150969000
TB_DBUS_WE: addr=0000076c data=0000dead sel=1111 TIME:          30152969000
TB_DBUS_WE: addr=0000076c data=0000dead sel=1111 TIME:          30154969000
TB_PC: 000002ac TIME:          30226969000
TB_PC: 000002b0 TIME:          30494969000
TB_PC: 000002b4 TIME:          30690969000
TB_PC: 000002b8 TIME:          30832969000
TB_PC: 000002bc TIME:          30974969000
TB_PC: 000002c0 TIME:          31116969000
TB_DBUS_WE: addr=00000770 data=000000ef sel=1111 TIME:          31252969000
TB_DBUS_WE: addr=00000770 data=000000ef sel=1111 TIME:          31254969000
TB_DBUS_WE: addr=00000770 data=000000ef sel=1111 TIME:          31256969000
TB_DBUS_WE: addr=00000770 data=000000ef sel=1111 TIME:          31258969000
TB_PC: 000002c4 TIME:          31330969000
TB_PC: 000002c8 TIME:          31598969000
TB_PC: 000002cc TIME:          31794969000
TB_PC: 000002d0 TIME:          31936969000
TB_PC: 000002d4 TIME:          32078969000
TB_PC: 000002d8 TIME:          32220969000
TB_DBUS_WE: addr=00000774 data=000000be sel=1111 TIME:          32356969000
TB_DBUS_WE: addr=00000774 data=000000be sel=1111 TIME:          32358969000
TB_DBUS_WE: addr=00000774 data=000000be sel=1111 TIME:          32360969000
TB_DBUS_WE: addr=00000774 data=000000be sel=1111 TIME:          32362969000
TB_PC: 000002dc TIME:          32434969000
TB_PC: 000002e0 TIME:          32702969000
TB_PC: 000002e4 TIME:          32898969000
TB_PC: 000002e8 TIME:          33040969000
TB_PC: 000002ec TIME:          33182969000
TB_PC: 000002f0 TIME:          33324969000
TB_DBUS_WE: addr=00000778 data=000000ad sel=1111 TIME:          33460969000
TB_DBUS_WE: addr=00000778 data=000000ad sel=1111 TIME:          33462969000
TB_DBUS_WE: addr=00000778 data=000000ad sel=1111 TIME:          33464969000
TB_DBUS_WE: addr=00000778 data=000000ad sel=1111 TIME:          33466969000
TB_PC: 000002f4 TIME:          33538969000
TB_PC: 000002f8 TIME:          33806969000
TB_PC: 000002fc TIME:          34002969000
TB_PC: 00000300 TIME:          34144969000
TB_PC: 00000304 TIME:          34286969000
TB_PC: 00000308 TIME:          34428969000
TB_DBUS_WE: addr=0000077c data=000000de sel=1111 TIME:          34564969000
TB_DBUS_WE: addr=0000077c data=000000de sel=1111 TIME:          34566969000
TB_DBUS_WE: addr=0000077c data=000000de sel=1111 TIME:          34568969000
TB_DBUS_WE: addr=0000077c data=000000de sel=1111 TIME:          34570969000
TB_PC: 0000030c TIME:          34642969000
TB_PC: 00000310 TIME:          34838969000
TB_PC: 00000314 TIME:          34980969000
TB_DBUS_WE: addr=00000640 data=2468acf0 sel=1111 TIME:          35116969000
TB_DBUS_WE: addr=00000640 data=2468acf0 sel=1111 TIME:          35118969000
TB_DBUS_WE: addr=00000640 data=2468acf0 sel=1111 TIME:          35120969000
TB_DBUS_WE: addr=00000640 data=2468acf0 sel=1111 TIME:          35122969000
TB_PC: 00000318 TIME:          35194969000
TB_DBUS_WE: addr=00000644 data=2468acf0 sel=0011 TIME:          35384969000
TB_DBUS_WE: addr=00000644 data=2468acf0 sel=0011 TIME:          35386969000
TB_DBUS_WE: addr=00000644 data=2468acf0 sel=0011 TIME:          35388969000
TB_DBUS_WE: addr=00000644 data=2468acf0 sel=0011 TIME:          35390969000
TB_PC: 0000031c TIME:          35462969000
TB_DBUS_WE: addr=00000648 data=acf00000 sel=1100 TIME:          35652969000
TB_DBUS_WE: addr=00000648 data=acf00000 sel=1100 TIME:          35654969000
TB_DBUS_WE: addr=00000648 data=acf00000 sel=1100 TIME:          35656969000
TB_DBUS_WE: addr=00000648 data=acf00000 sel=1100 TIME:          35658969000
TB_PC: 00000320 TIME:          35730969000
TB_DBUS_WE: addr=00000650 data=2468acf0 sel=0001 TIME:          35920969000
TB_DBUS_WE: addr=00000650 data=2468acf0 sel=0001 TIME:          35922969000
TB_DBUS_WE: addr=00000650 data=2468acf0 sel=0001 TIME:          35924969000
TB_DBUS_WE: addr=00000650 data=2468acf0 sel=0001 TIME:          35926969000
TB_PC: 00000324 TIME:          35998969000
TB_DBUS_WE: addr=00000650 data=68acf000 sel=0010 TIME:          36188969000
TB_DBUS_WE: addr=00000650 data=68acf000 sel=0010 TIME:          36190969000
TB_DBUS_WE: addr=00000650 data=68acf000 sel=0010 TIME:          36192969000
TB_DBUS_WE: addr=00000650 data=68acf000 sel=0010 TIME:          36194969000
TB_PC: 00000328 TIME:          36266969000
TB_DBUS_WE: addr=00000650 data=acf00000 sel=0100 TIME:          36456969000
TB_DBUS_WE: addr=00000650 data=acf00000 sel=0100 TIME:          36458969000
TB_DBUS_WE: addr=00000650 data=acf00000 sel=0100 TIME:          36460969000
TB_DBUS_WE: addr=00000650 data=acf00000 sel=0100 TIME:          36462969000
TB_PC: 0000032c TIME:          36534969000
TB_DBUS_WE: addr=00000650 data=f0000000 sel=1000 TIME:          36724969000
TB_DBUS_WE: addr=00000650 data=f0000000 sel=1000 TIME:          36726969000
TB_DBUS_WE: addr=00000650 data=f0000000 sel=1000 TIME:          36728969000
TB_DBUS_WE: addr=00000650 data=f0000000 sel=1000 TIME:          36730969000
TB_PC: 00000330 TIME:          36802969000
TB_PC: 00000334 TIME:          36998969000
TB_PC: 00000338 TIME:          37140969000
TB_PC: 0000033c TIME:          37282969000
TB_PC: 00000340 TIME:          37424969000
TB_PC: 00000344 TIME:          37566969000
TB_DBUS_WE: addr=00000780 data=7fff0000 sel=1111 TIME:          37702969000
TB_DBUS_WE: addr=00000780 data=7fff0000 sel=1111 TIME:          37704969000
TB_DBUS_WE: addr=00000780 data=7fff0000 sel=1111 TIME:          37706969000
TB_DBUS_WE: addr=00000780 data=7fff0000 sel=1111 TIME:          37708969000
TB_PC: 00000348 TIME:          37780969000
TB_PC: 0000034c TIME:          37976969000
TB_PC: 00000350 TIME:          38118969000
TB_PC: 00000354 TIME:          38260969000
TB_PC: 00000358 TIME:          38402969000
TB_PC: 0000035c TIME:          38544969000
TB_DBUS_WE: addr=00000784 data=7fff0348 sel=1111 TIME:          38680969000
TB_DBUS_WE: addr=00000784 data=7fff0348 sel=1111 TIME:          38682969000
TB_DBUS_WE: addr=00000784 data=7fff0348 sel=1111 TIME:          38684969000
TB_DBUS_WE: addr=00000784 data=7fff0348 sel=1111 TIME:          38686969000
TB_PC: 00000360 TIME:          38758969000
TB_PC: 00000364 TIME:          38954969000
TB_PC: 00000368 TIME:          39096969000
TB_PC: 0000036c TIME:          39238969000
TB_PC: 00000370 TIME:          39444969000
TB_PC: 00000374 TIME:          39640969000
TB_PC: 00000378 TIME:          39782969000
TB_PC: 0000037c TIME:          39924969000
TB_PC: 00000380 TIME:          40066969000
TB_PC: 00000384 TIME:          40208969000
TB_PC: 00000388 TIME:          40350969000
TB_DBUS_WE: addr=00000788 data=00000004 sel=1111 TIME:          40486969000
TB_DBUS_WE: addr=00000788 data=00000004 sel=1111 TIME:          40488969000
TB_DBUS_WE: addr=00000788 data=00000004 sel=1111 TIME:          40490969000
TB_DBUS_WE: addr=00000788 data=00000004 sel=1111 TIME:          40492969000
TB_PC: 0000038c TIME:          40564969000
TB_PC: 00000390 TIME:          40760969000
TB_PC: 00000394 TIME:          40902969000
TB_PC: 00000398 TIME:          41044969000
TB_PC: 000003a0 TIME:          41250969000
TB_PC: 000003a4 TIME:          41446969000
TB_PC: 000003a8 TIME:          41588969000
TB_PC: 000003ac TIME:          41730969000
TB_PC: 000003b0 TIME:          41872969000
TB_PC: 000003b4 TIME:          42014969000
TB_DBUS_WE: addr=0000078c data=00000003 sel=1111 TIME:          42150969000
TB_DBUS_WE: addr=0000078c data=00000003 sel=1111 TIME:          42152969000
TB_DBUS_WE: addr=0000078c data=00000003 sel=1111 TIME:          42154969000
TB_DBUS_WE: addr=0000078c data=00000003 sel=1111 TIME:          42156969000
TB_PC: 000003b8 TIME:          42228969000
TB_PC: 000003bc TIME:          42424969000
TB_PC: 000003c0 TIME:          42566969000
TB_PC: 000003c4 TIME:          42708969000
TB_PC: 000003cc TIME:          42914969000
TB_PC: 000003d0 TIME:          43110969000
TB_PC: 000003d4 TIME:          43252969000
TB_PC: 000003d8 TIME:          43394969000
TB_PC: 000003dc TIME:          43536969000
TB_PC: 000003e0 TIME:          43678969000
TB_DBUS_WE: addr=00000790 data=00000004 sel=1111 TIME:          43814969000
TB_DBUS_WE: addr=00000790 data=00000004 sel=1111 TIME:          43816969000
TB_DBUS_WE: addr=00000790 data=00000004 sel=1111 TIME:          43818969000
TB_DBUS_WE: addr=00000790 data=00000004 sel=1111 TIME:          43820969000
TB_PC: 000003e4 TIME:          43892969000
TB_PC: 000003e8 TIME:          44088969000
TB_PC: 000003ec TIME:          44230969000
TB_PC: 000003f0 TIME:          44372969000
TB_PC: 000003f8 TIME:          44578969000
TB_PC: 000003fc TIME:          44774969000
TB_PC: 00000400 TIME:          44916969000
TB_PC: 00000404 TIME:          45058969000
TB_PC: 00000408 TIME:          45200969000
TB_PC: 0000040c TIME:          45342969000
TB_DBUS_WE: addr=00000794 data=00000005 sel=1111 TIME:          45478969000
TB_DBUS_WE: addr=00000794 data=00000005 sel=1111 TIME:          45480969000
TB_DBUS_WE: addr=00000794 data=00000005 sel=1111 TIME:          45482969000
TB_DBUS_WE: addr=00000794 data=00000005 sel=1111 TIME:          45484969000
TB_PC: 00000410 TIME:          45556969000
TB_PC: 00000414 TIME:          45752969000
TB_PC: 00000418 TIME:          45894969000
TB_PC: 0000041c TIME:          46036969000
TB_PC: 00000424 TIME:          46242969000
TB_PC: 00000428 TIME:          46438969000
TB_PC: 0000042c TIME:          46580969000
TB_PC: 00000430 TIME:          46722969000
TB_PC: 00000434 TIME:          46864969000
TB_PC: 00000438 TIME:          47006969000
TB_DBUS_WE: addr=00000798 data=00000006 sel=1111 TIME:          47142969000
TB_DBUS_WE: addr=00000798 data=00000006 sel=1111 TIME:          47144969000
TB_DBUS_WE: addr=00000798 data=00000006 sel=1111 TIME:          47146969000
TB_DBUS_WE: addr=00000798 data=00000006 sel=1111 TIME:          47148969000
TB_PC: 0000043c TIME:          47220969000
TB_PC: 00000440 TIME:          47416969000
TB_PC: 00000444 TIME:          47558969000
TB_PC: 00000448 TIME:          47700969000
TB_PC: 00000450 TIME:          47906969000
TB_PC: 00000454 TIME:          48102969000
TB_PC: 00000458 TIME:          48244969000
TB_PC: 0000045c TIME:          48386969000
TB_PC: 00000460 TIME:          48528969000
TB_PC: 00000464 TIME:          48670969000
TB_DBUS_WE: addr=0000079c data=00000007 sel=1111 TIME:          48806969000
TB_DBUS_WE: addr=0000079c data=00000007 sel=1111 TIME:          48808969000
TB_DBUS_WE: addr=0000079c data=00000007 sel=1111 TIME:          48810969000
TB_DBUS_WE: addr=0000079c data=00000007 sel=1111 TIME:          48812969000
TB_PC: 00000468 TIME:          48884969000
TB_PC: 00000470 TIME:          49144969000
TB_PC: 00000474 TIME:          49340969000
TB_PC: 00000478 TIME:          49482969000
TB_PC: 0000047c TIME:          49624969000
TB_PC: 00000480 TIME:          49766969000
TB_PC: 00000484 TIME:          49908969000
TB_DBUS_WE: addr=000007a0 data=0000046c sel=1111 TIME:          50044969000
TB_DBUS_WE: addr=000007a0 data=0000046c sel=1111 TIME:          50046969000
TB_DBUS_WE: addr=000007a0 data=0000046c sel=1111 TIME:          50048969000
TB_DBUS_WE: addr=000007a0 data=0000046c sel=1111 TIME:          50050969000
TB_PC: 00000488 TIME:          50122969000
TB_PC: 0000048c TIME:          50318969000
TB_PC: 00000490 TIME:          50460969000
TB_PC: 00000494 TIME:          50602969000
TB_PC: 00000498 TIME:          50744969000
TB_DBUS_WE: addr=000007a4 data=00000000 sel=1111 TIME:          50880969000
TB_DBUS_WE: addr=000007a4 data=00000000 sel=1111 TIME:          50882969000
TB_DBUS_WE: addr=000007a4 data=00000000 sel=1111 TIME:          50884969000
TB_DBUS_WE: addr=000007a4 data=00000000 sel=1111 TIME:          50886969000
TB_PC: 0000049c TIME:          50958969000
TB_PC: 000004a0 TIME:          51154969000
TB_PC: 000004a4 TIME:          51296969000
TB_PC: 000004a8 TIME:          51438969000
TB_PC: 000004ac TIME:          51580969000
TB_DBUS_WE: addr=000007a8 data=00000009 sel=1111 TIME:          51716969000
TB_DBUS_WE: addr=000007a8 data=00000009 sel=1111 TIME:          51718969000
TB_DBUS_WE: addr=000007a8 data=00000009 sel=1111 TIME:          51720969000
TB_DBUS_WE: addr=000007a8 data=00000009 sel=1111 TIME:          51722969000
TB_PC: 000004b0 TIME:          51794969000
TB_PC: 000004b4 TIME:          51990969000
TB_PC: 000004bc TIME:          52196969000
TB_PC: 000004c0 TIME:          52392969000
TB_PC: 000004c4 TIME:          52534969000
TB_PC: 000004c8 TIME:          52676969000
TB_PC: 000004cc TIME:          52818969000
TB_PC: 000004d0 TIME:          52960969000
TB_DBUS_WE: addr=000007ac data=000004b8 sel=1111 TIME:          53096969000
TB_DBUS_WE: addr=000007ac data=000004b8 sel=1111 TIME:          53098969000
TB_DBUS_WE: addr=000007ac data=000004b8 sel=1111 TIME:          53100969000
TB_DBUS_WE: addr=000007ac data=000004b8 sel=1111 TIME:          53102969000
TB_PC: 000004d4 TIME:          53174969000
TB_PC: 000004d8 TIME:          53370969000
TB_PC: 000004dc TIME:          53512969000
TB_PC: 000004e0 TIME:          53654969000
TB_PC: 000004e4 TIME:          53796969000
TB_DBUS_WE: addr=000007b0 data=00000000 sel=1111 TIME:          53932969000
TB_DBUS_WE: addr=000007b0 data=00000000 sel=1111 TIME:          53934969000
TB_DBUS_WE: addr=000007b0 data=00000000 sel=1111 TIME:          53936969000
TB_DBUS_WE: addr=000007b0 data=00000000 sel=1111 TIME:          53938969000
TB_PC: 000004e8 TIME:          54010969000
TB_PC: 000004ec TIME:          54206969000
TB_PC: 000004f0 TIME:          54348969000
TB_PC: 000004f4 TIME:          54490969000
TB_PC: 000004f8 TIME:          54632969000
TB_DBUS_WE: addr=000007b4 data=0000000a sel=1111 TIME:          54768969000
TB_DBUS_WE: addr=000007b4 data=0000000a sel=1111 TIME:          54770969000
TB_DBUS_WE: addr=000007b4 data=0000000a sel=1111 TIME:          54772969000
TB_DBUS_WE: addr=000007b4 data=0000000a sel=1111 TIME:          54774969000
TB_PC: 000004fc TIME:          54846969000
TB_PC: 000004fc TIME:          55106969000
TB_PC: 000004fc TIME:          55366969000
TB_PC: 000004fc TIME:          55626969000
TB_PC: 000004fc TIME:          55886969000
TB_PC: 000004fc TIME:          56146969000
TB_PC: 000004fc TIME:          56406969000
TB_PC: 000004fc TIME:          56666969000
TB_PC: 000004fc TIME:          56926969000
TB_PC: 000004fc TIME:          57186969000
TB_PC: 000004fc TIME:          57446969000
TB_PC: 000004fc TIME:          57706969000
TB_PC: 000004fc TIME:          57966969000
TB_PC: 000004fc TIME:          58226969000
TB_PC: 000004fc TIME:          58486969000
TB_PC: 000004fc TIME:          58746969000
TB_PC: 000004fc TIME:          59006969000
TB_PC: 000004fc TIME:          59266969000
TB_PC: 000004fc TIME:          59526969000
TB_PC: 000004fc TIME:          59786969000
TB_PC: 000004fc TIME:          60046969000
TB_PC: 000004fc TIME:          60306969000
TB_PC: 000004fc TIME:          60566969000
TB_PC: 000004fc TIME:          60826969000
TB_PC: 000004fc TIME:          61086969000
TB_PC: 000004fc TIME:          61346969000
TB_PC: 000004fc TIME:          61606969000
TB_PC: 000004fc TIME:          61866969000
TB_PC: 000004fc TIME:          62126969000
TB_PC: 000004fc TIME:          62386969000
TB_PC: 000004fc TIME:          62646969000
TB_PC: 000004fc TIME:          62906969000
TB_PC: 000004fc TIME:          63166969000
TB_PC: 000004fc TIME:          63426969000
TB_PC: 000004fc TIME:          63686969000
TB_PC: 000004fc TIME:          63946969000
TB_PC: 000004fc TIME:          64206969000
TB_PC: 000004fc TIME:          64466969000
TB_PC: 000004fc TIME:          64726969000
TB_PC: 000004fc TIME:          64986969000
TB_PC: 000004fc TIME:          65246969000
TB_PC: 000004fc TIME:          65506969000
TB_PC: 000004fc TIME:          65766969000
TB_PC: 000004fc TIME:          66026969000
TB_PC: 000004fc TIME:          66286969000
TB_PC: 000004fc TIME:          66546969000
TB_PC: 000004fc TIME:          66806969000
TB_PC: 000004fc TIME:          67066969000
TB_PC: 000004fc TIME:          67326969000
TB_PC: 000004fc TIME:          67586969000
TB_PC: 000004fc TIME:          67846969000
TB_PC: 000004fc TIME:          68106969000
TB_PC: 000004fc TIME:          68366969000
TB_PC: 000004fc TIME:          68626969000
TB_PC: 000004fc TIME:          68886969000
TB_PC: 000004fc TIME:          69146969000
TB_PC: 000004fc TIME:          69406969000
TB_PC: 000004fc TIME:          69666969000
TB_PC: 000004fc TIME:          69926969000
TB_PC: 000004fc TIME:          70186969000
TB_PC: 000004fc TIME:          70446969000
TB_PC: 000004fc TIME:          70706969000
TB_PC: 000004fc TIME:          70966969000
TB_PC: 000004fc TIME:          71226969000
TB_PC: 000004fc TIME:          71486969000
TB_PC: 000004fc TIME:          71746969000
TB_PC: 000004fc TIME:          72006969000
TB_PC: 000004fc TIME:          72266969000
TB_PC: 000004fc TIME:          72526969000
TB_PC: 000004fc TIME:          72786969000
TB_PC: 000004fc TIME:          73046969000
TB_PC: 000004fc TIME:          73306969000
TB_PC: 000004fc TIME:          73566969000
TB_PC: 000004fc TIME:          73826969000
TB_PC: 000004fc TIME:          74086969000
TB_PC: 000004fc TIME:          74346969000
TB_PC: 000004fc TIME:          74606969000
TB_PC: 000004fc TIME:          74866969000
TB_PC: 000004fc TIME:          75126969000
TB_PC: 000004fc TIME:          75386969000
TB_PC: 000004fc TIME:          75646969000
TB_PC: 000004fc TIME:          75906969000
TB_PC: 000004fc TIME:          76166969000
TB_PC: 000004fc TIME:          76426969000
TB_PC: 000004fc TIME:          76686969000
TB_PC: 000004fc TIME:          76946969000
TB_PC: 000004fc TIME:          77206969000
TB_PC: 000004fc TIME:          77466969000
TB_PC: 000004fc TIME:          77726969000
TB_PC: 000004fc TIME:          77986969000
TB_PC: 000004fc TIME:          78246969000
TB_PC: 000004fc TIME:          78506969000
TB_PC: 000004fc TIME:          78766969000
TB_PC: 000004fc TIME:          79026969000
TB_PC: 000004fc TIME:          79286969000
TB_PC: 000004fc TIME:          79546969000
TB_PC: 000004fc TIME:          79806969000
TB_PC: 000004fc TIME:          80066969000
TB_PC: 000004fc TIME:          80326969000
TB_PC: 000004fc TIME:          80586969000
TB_PC: 000004fc TIME:          80846969000
TB_PC: 000004fc TIME:          81106969000
TB_PC: 000004fc TIME:          81366969000
TB_PC: 000004fc TIME:          81626969000
TB_PC: 000004fc TIME:          81886969000
TB_PC: 000004fc TIME:          82146969000
TB_PC: 000004fc TIME:          82406969000
TB_PC: 000004fc TIME:          82666969000
TB_PC: 000004fc TIME:          82926969000
TB_PC: 000004fc TIME:          83186969000
TB_PC: 000004fc TIME:          83446969000
TB_PC: 000004fc TIME:          83706969000
TB_PC: 000004fc TIME:          83966969000
TB_PC: 000004fc TIME:          84226969000
TB_PC: 000004fc TIME:          84486969000
TB_PC: 000004fc TIME:          84746969000
TB_PC: 000004fc TIME:          85006969000
TB_PC: 000004fc TIME:          85266969000
TB_PC: 000004fc TIME:          85526969000
TB_PC: 000004fc TIME:          85786969000
TB_PC: 000004fc TIME:          86046969000
TB_PC: 000004fc TIME:          86306969000
TB_PC: 000004fc TIME:          86566969000
TB_PC: 000004fc TIME:          86826969000
TB_PC: 000004fc TIME:          87086969000
TB_PC: 000004fc TIME:          87346969000
TB_PC: 000004fc TIME:          87606969000
TB_PC: 000004fc TIME:          87866969000
TB_PC: 000004fc TIME:          88126969000
TB_PC: 000004fc TIME:          88386969000
TB_PC: 000004fc TIME:          88646969000
TB_PC: 000004fc TIME:          88906969000
TB_PC: 000004fc TIME:          89166969000
TB_PC: 000004fc TIME:          89426969000
TB_PC: 000004fc TIME:          89686969000
TB_PC: 000004fc TIME:          89946969000
TB_PC: 000004fc TIME:          90206969000
TB_PC: 000004fc TIME:          90466969000
TB_PC: 000004fc TIME:          90726969000
TB_PC: 000004fc TIME:          90986969000
TB_PC: 000004fc TIME:          91246969000
TB_PC: 000004fc TIME:          91506969000
TB_PC: 000004fc TIME:          91766969000
TB_PC: 000004fc TIME:          92026969000
TB_PC: 000004fc TIME:          92286969000
TB_PC: 000004fc TIME:          92546969000
TB_PC: 000004fc TIME:          92806969000
TB_PC: 000004fc TIME:          93066969000
TB_PC: 000004fc TIME:          93326969000
TB_PC: 000004fc TIME:          93586969000
TB_PC: 000004fc TIME:          93846969000
TB_PC: 000004fc TIME:          94106969000
TB_PC: 000004fc TIME:          94366969000
TB_PC: 000004fc TIME:          94626969000
TB_PC: 000004fc TIME:          94886969000
TB_PC: 000004fc TIME:          95146969000
TB_PC: 000004fc TIME:          95406969000
TB_PC: 000004fc TIME:          95666969000
TB_PC: 000004fc TIME:          95926969000
TB_PC: 000004fc TIME:          96186969000
TB_PC: 000004fc TIME:          96446969000
TB_PC: 000004fc TIME:          96706969000
TB_PC: 000004fc TIME:          96966969000
TB_PC: 000004fc TIME:          97226969000
TB_PC: 000004fc TIME:          97486969000
TB_PC: 000004fc TIME:          97746969000
TB_PC: 000004fc TIME:          98006969000
TB_PC: 000004fc TIME:          98266969000
TB_PC: 000004fc TIME:          98526969000
TB_PC: 000004fc TIME:          98786969000
TB_PC: 000004fc TIME:          99046969000
TB_PC: 000004fc TIME:          99306969000
TB_PC: 000004fc TIME:          99566969000
TB_PC: 000004fc TIME:          99826969000
TB_PC: 000004fc TIME:         100086969000
TB_PC: 000004fc TIME:         100346969000
TB_PC: 000004fc TIME:         100606969000
TB_PC: 000004fc TIME:         100866969000
TB_PC: 000004fc TIME:         101126969000
TB_PC: 000004fc TIME:         101386969000
TB_PC: 000004fc TIME:         101646969000
TB_PC: 000004fc TIME:         101906969000
TB_PC: 000004fc TIME:         102166969000
TB_PC: 000004fc TIME:         102426969000
TB_PC: 000004fc TIME:         102686969000
TB_PC: 000004fc TIME:         102946969000
TB_PC: 000004fc TIME:         103206969000
TB_PC: 000004fc TIME:         103466969000
TB_PC: 000004fc TIME:         103726969000
TB_PC: 000004fc TIME:         103986969000
TB_PC: 000004fc TIME:         104246969000
TB_PC: 000004fc TIME:         104506969000
TB_PC: 000004fc TIME:         104766969000
TB_PC: 000004fc TIME:         105026969000
TB_PC: 000004fc TIME:         105286969000
TB_PC: 000004fc TIME:         105546969000
TB_PC: 000004fc TIME:         105806969000
TB_PC: 000004fc TIME:         106066969000
TB_PC: 000004fc TIME:         106326969000
TB_PC: 000004fc TIME:         106586969000
TB_PC: 000004fc TIME:         106846969000
TB_PC: 000004fc TIME:         107106969000
TB_PC: 000004fc TIME:         107366969000
TB_PC: 000004fc TIME:         107626969000
TB_PC: 000004fc TIME:         107886969000
TB_PC: 000004fc TIME:         108146969000
TB_PC: 000004fc TIME:         108406969000
TB_PC: 000004fc TIME:         108666969000
TB_PC: 000004fc TIME:         108926969000
TB_PC: 000004fc TIME:         109186969000
TB_PC: 000004fc TIME:         109446969000
TB_PC: 000004fc TIME:         109706969000
TB_PC: 000004fc TIME:         109966969000
TB_PC: 000004fc TIME:         110226969000
TB_PC: 000004fc TIME:         110486969000
TB_PC: 000004fc TIME:         110746969000
TB_PC: 000004fc TIME:         111006969000
TB_PC: 000004fc TIME:         111266969000
TB_PC: 000004fc TIME:         111526969000
TB_PC: 000004fc TIME:         111786969000
TB_PC: 000004fc TIME:         112046969000
TB_PC: 000004fc TIME:         112306969000
TB_PC: 000004fc TIME:         112566969000
TB_PC: 000004fc TIME:         112826969000
TB_PC: 000004fc TIME:         113086969000
TB_PC: 000004fc TIME:         113346969000
TB_PC: 000004fc TIME:         113606969000
TB_PC: 000004fc TIME:         113866969000
TB_PC: 000004fc TIME:         114126969000
TB_PC: 000004fc TIME:         114386969000
TB_PC: 000004fc TIME:         114646969000
TB_PC: 000004fc TIME:         114906969000
TB_PC: 000004fc TIME:         115166969000
TB_PC: 000004fc TIME:         115426969000
TB_PC: 000004fc TIME:         115686969000
TB_PC: 000004fc TIME:         115946969000
TB_PC: 000004fc TIME:         116206969000
TB_PC: 000004fc TIME:         116466969000
TB_PC: 000004fc TIME:         116726969000
TB_PC: 000004fc TIME:         116986969000
TB_PC: 000004fc TIME:         117246969000
TB_PC: 000004fc TIME:         117506969000
TB_PC: 000004fc TIME:         117766969000
TB_PC: 000004fc TIME:         118026969000
TB_PC: 000004fc TIME:         118286969000
TB_PC: 000004fc TIME:         118546969000
TB_PC: 000004fc TIME:         118806969000
TB_PC: 000004fc TIME:         119066969000
TB_PC: 000004fc TIME:         119326969000
TB_PC: 000004fc TIME:         119586969000
TB_PC: 000004fc TIME:         119846969000
TB_PC: 000004fc TIME:         120106969000
TB_PC: 000004fc TIME:         120366969000
TB_PC: 000004fc TIME:         120626969000
TB_PC: 000004fc TIME:         120886969000
TB_PC: 000004fc TIME:         121146969000
TB_PC: 000004fc TIME:         121406969000
TB_PC: 000004fc TIME:         121666969000
TB_PC: 000004fc TIME:         121926969000
TB_PC: 000004fc TIME:         122186969000
TB_PC: 000004fc TIME:         122446969000
TB_PC: 000004fc TIME:         122706969000
TB_PC: 000004fc TIME:         122966969000
TB_PC: 000004fc TIME:         123226969000
TB_PC: 000004fc TIME:         123486969000
TB_PC: 000004fc TIME:         123746969000
TB_PC: 000004fc TIME:         124006969000
TB_PC: 000004fc TIME:         124266969000
TB_PC: 000004fc TIME:         124526969000
TB_PC: 000004fc TIME:         124786969000
TB_PC: 000004fc TIME:         125046969000
TB_PC: 000004fc TIME:         125306969000
TB_PC: 000004fc TIME:         125566969000
TB_PC: 000004fc TIME:         125826969000
TB_PC: 000004fc TIME:         126086969000
TB_PC: 000004fc TIME:         126346969000
TB_PC: 000004fc TIME:         126606969000
TB_PC: 000004fc TIME:         126866969000
TB_PC: 000004fc TIME:         127126969000
TB_PC: 000004fc TIME:         127386969000
TB_PC: 000004fc TIME:         127646969000
TB_PC: 000004fc TIME:         127906969000
TB_PC: 000004fc TIME:         128166969000
TB_PC: 000004fc TIME:         128426969000
TB_PC: 000004fc TIME:         128686969000
TB_PC: 000004fc TIME:         128946969000
TB_PC: 000004fc TIME:         129206969000
TB_PC: 000004fc TIME:         129466969000
TB_PC: 000004fc TIME:         129726969000
TB_PC: 000004fc TIME:         129986969000
TB_PC: 000004fc TIME:         130246969000
TB_PC: 000004fc TIME:         130506969000
TB_PC: 000004fc TIME:         130766969000
TB_PC: 000004fc TIME:         131026969000
TB_PC: 000004fc TIME:         131286969000
TB_PC: 000004fc TIME:         131546969000
TB_PC: 000004fc TIME:         131806969000
TB_PC: 000004fc TIME:         132066969000
TB_PC: 000004fc TIME:         132326969000
TB_PC: 000004fc TIME:         132586969000
TB_PC: 000004fc TIME:         132846969000
TB_PC: 000004fc TIME:         133106969000
TB_PC: 000004fc TIME:         133366969000
TB_PC: 000004fc TIME:         133626969000
TB_PC: 000004fc TIME:         133886969000
TB_PC: 000004fc TIME:         134146969000
TB_PC: 000004fc TIME:         134406969000
TB_PC: 000004fc TIME:         134666969000
TB_PC: 000004fc TIME:         134926969000
TB_PC: 000004fc TIME:         135186969000
TB_PC: 000004fc TIME:         135446969000
TB_PC: 000004fc TIME:         135706969000
TB_PC: 000004fc TIME:         135966969000
TB_PC: 000004fc TIME:         136226969000
TB_PC: 000004fc TIME:         136486969000
TB_PC: 000004fc TIME:         136746969000
TB_PC: 000004fc TIME:         137006969000
TB_PC: 000004fc TIME:         137266969000
TB_PC: 000004fc TIME:         137526969000
TB_PC: 000004fc TIME:         137786969000
TB_PC: 000004fc TIME:         138046969000
TB_PC: 000004fc TIME:         138306969000
TB_PC: 000004fc TIME:         138566969000
TB_PC: 000004fc TIME:         138826969000
TB_PC: 000004fc TIME:         139086969000
TB_PC: 000004fc TIME:         139346969000
TB_PC: 000004fc TIME:         139606969000
TB_PC: 000004fc TIME:         139866969000
TB_PC: 000004fc TIME:         140126969000
TB_PC: 000004fc TIME:         140386969000
TB_PC: 000004fc TIME:         140646969000
TB_PC: 000004fc TIME:         140906969000
TB_PC: 000004fc TIME:         141166969000
TB_PC: 000004fc TIME:         141426969000
TB_PC: 000004fc TIME:         141686969000
TB_PC: 000004fc TIME:         141946969000
TB_PC: 000004fc TIME:         142206969000
TB_PC: 000004fc TIME:         142466969000
TB_PC: 000004fc TIME:         142726969000
TB_PC: 000004fc TIME:         142986969000
TB_PC: 000004fc TIME:         143246969000
TB_PC: 000004fc TIME:         143506969000
TB_PC: 000004fc TIME:         143766969000
TB_PC: 000004fc TIME:         144026969000
TB_PC: 000004fc TIME:         144286969000
TB_PC: 000004fc TIME:         144546969000
TB_PC: 000004fc TIME:         144806969000
TB_PC: 000004fc TIME:         145066969000
TB_PC: 000004fc TIME:         145326969000
TB_PC: 000004fc TIME:         145586969000
TB_PC: 000004fc TIME:         145846969000
TB_PC: 000004fc TIME:         146106969000
TB_PC: 000004fc TIME:         146366969000
TB_PC: 000004fc TIME:         146626969000
TB_PC: 000004fc TIME:         146886969000
TB_PC: 000004fc TIME:         147146969000
TB_PC: 000004fc TIME:         147406969000
TB_PC: 000004fc TIME:         147666969000
TB_PC: 000004fc TIME:         147926969000
TB_PC: 000004fc TIME:         148186969000
TB_PC: 000004fc TIME:         148446969000
TB_PC: 000004fc TIME:         148706969000
TB_PC: 000004fc TIME:         148966969000
TB_PC: 000004fc TIME:         149226969000
TB_PC: 000004fc TIME:         149486969000
TB_PC: 000004fc TIME:         149746969000
TB_PC: 000004fc TIME:         150006969000
TB_PC: 000004fc TIME:         150266969000
TB_PC: 000004fc TIME:         150526969000
TB_PC: 000004fc TIME:         150786969000
TB_PC: 000004fc TIME:         151046969000
TB_PC: 000004fc TIME:         151306969000
TB_PC: 000004fc TIME:         151566969000
TB_PC: 000004fc TIME:         151826969000
TB_PC: 000004fc TIME:         152086969000
TB_PC: 000004fc TIME:         152346969000
TB_PC: 000004fc TIME:         152606969000
TB_PC: 000004fc TIME:         152866969000
TB_PC: 000004fc TIME:         153126969000
TB_PC: 000004fc TIME:         153386969000
TB_PC: 000004fc TIME:         153646969000
TB_PC: 000004fc TIME:         153906969000
TB_PC: 000004fc TIME:         154166969000
TB_PC: 000004fc TIME:         154426969000
TB_PC: 000004fc TIME:         154686969000
TB_PC: 000004fc TIME:         154946969000
TB_PC: 000004fc TIME:         155206969000
TB_PC: 000004fc TIME:         155466969000
TB_PC: 000004fc TIME:         155726969000
TB_PC: 000004fc TIME:         155986969000
TB_PC: 000004fc TIME:         156246969000
TB_PC: 000004fc TIME:         156506969000
TB_PC: 000004fc TIME:         156766969000
TB_PC: 000004fc TIME:         157026969000
TB_PC: 000004fc TIME:         157286969000
TB_PC: 000004fc TIME:         157546969000
TB_PC: 000004fc TIME:         157806969000
TB_PC: 000004fc TIME:         158066969000
TB_PC: 000004fc TIME:         158326969000
TB_PC: 000004fc TIME:         158586969000
TB_PC: 000004fc TIME:         158846969000
TB_PC: 000004fc TIME:         159106969000
TB_PC: 000004fc TIME:         159366969000
TB_PC: 000004fc TIME:         159626969000
TB_PC: 000004fc TIME:         159886969000
TB_PC: 000004fc TIME:         160146969000
TB_PC: 000004fc TIME:         160406969000
TB_PC: 000004fc TIME:         160666969000
TB_PC: 000004fc TIME:         160926969000
TB_PC: 000004fc TIME:         161186969000
TB_PC: 000004fc TIME:         161446969000
TB_PC: 000004fc TIME:         161706969000
TB_PC: 000004fc TIME:         161966969000
TB_PC: 000004fc TIME:         162226969000
TB_PC: 000004fc TIME:         162486969000
TB_PC: 000004fc TIME:         162746969000
TB_PC: 000004fc TIME:         163006969000
TB_PC: 000004fc TIME:         163266969000
TB_PC: 000004fc TIME:         163526969000
TB_PC: 000004fc TIME:         163786969000
TB_PC: 000004fc TIME:         164046969000
TB_PC: 000004fc TIME:         164306969000
TB_PC: 000004fc TIME:         164566969000
TB_PC: 000004fc TIME:         164826969000
TB_PC: 000004fc TIME:         165086969000
TB_PC: 000004fc TIME:         165346969000
TB_PC: 000004fc TIME:         165606969000
TB_PC: 000004fc TIME:         165866969000
TB_PC: 000004fc TIME:         166126969000
TB_PC: 000004fc TIME:         166386969000
TB_PC: 000004fc TIME:         166646969000
TB_PC: 000004fc TIME:         166906969000
TB_PC: 000004fc TIME:         167166969000
TB_PC: 000004fc TIME:         167426969000
TB_PC: 000004fc TIME:         167686969000
TB_PC: 000004fc TIME:         167946969000
TB_PC: 000004fc TIME:         168206969000
TB_PC: 000004fc TIME:         168466969000
TB_PC: 000004fc TIME:         168726969000
TB_PC: 000004fc TIME:         168986969000
TB_PC: 000004fc TIME:         169246969000
TB_PC: 000004fc TIME:         169506969000
TB_PC: 000004fc TIME:         169766969000
TB_PC: 000004fc TIME:         170026969000
TB_PC: 000004fc TIME:         170286969000
TB_PC: 000004fc TIME:         170546969000
TB_PC: 000004fc TIME:         170806969000
TB_PC: 000004fc TIME:         171066969000
TB_PC: 000004fc TIME:         171326969000
TB_PC: 000004fc TIME:         171586969000
TB_PC: 000004fc TIME:         171846969000
TB_PC: 000004fc TIME:         172106969000
TB_PC: 000004fc TIME:         172366969000
TB_PC: 000004fc TIME:         172626969000
TB_PC: 000004fc TIME:         172886969000
TB_PC: 000004fc TIME:         173146969000
TB_PC: 000004fc TIME:         173406969000
TB_PC: 000004fc TIME:         173666969000
TB_PC: 000004fc TIME:         173926969000
TB_PC: 000004fc TIME:         174186969000
TB_PC: 000004fc TIME:         174446969000
TB_PC: 000004fc TIME:         174706969000
TB_PC: 000004fc TIME:         174966969000
TB_PC: 000004fc TIME:         175226969000
TB_PC: 000004fc TIME:         175486969000
TB_PC: 000004fc TIME:         175746969000
TB_PC: 000004fc TIME:         176006969000
TB_PC: 000004fc TIME:         176266969000
TB_PC: 000004fc TIME:         176526969000
TB_PC: 000004fc TIME:         176786969000
TB_PC: 000004fc TIME:         177046969000
TB_PC: 000004fc TIME:         177306969000
TB_PC: 000004fc TIME:         177566969000
TB_PC: 000004fc TIME:         177826969000
TB_PC: 000004fc TIME:         178086969000
TB_PC: 000004fc TIME:         178346969000
TB_PC: 000004fc TIME:         178606969000
TB_PC: 000004fc TIME:         178866969000
TB_PC: 000004fc TIME:         179126969000
TB_PC: 000004fc TIME:         179386969000
TB_PC: 000004fc TIME:         179646969000
TB_PC: 000004fc TIME:         179906969000
