[0x0] emit(32'h00000013);
[0x4] emit(enc_s(result_addr, reg_idx, 5'd0, FNC_SW));
[0x8] emit(enc_i(-100, 5'd0, FNC_ADD_SUB, 5'd1, OPC_ARI_ITYPE));
[0xc] emit(enc_i(200, 5'd0, FNC_ADD_SUB, 5'd2, OPC_ARI_ITYPE));
[0x10] emit(enc_r(FNC7_0, 5'd2, 5'd1, FNC_ADD_SUB, 5'd3));
[0x14] store_result(5'd3, 32'h00000064, "ADD");
[0x18] emit(enc_r(FNC7_1, 5'd2, 5'd1, FNC_ADD_SUB, 5'd4));
[0x1c] store_result(5'd4, 32'hfffffed4, "SUB");
[0x20] emit(enc_r(FNC7_0, 5'd2, 5'd1, FNC_SLL, 5'd5));
[0x24] store_result(5'd5, 32'hffff9c00, "SLL");
[0x28] emit(enc_r(FNC7_0, 5'd2, 5'd1, FNC_SLT, 5'd6));
[0x2c] store_result(5'd6, 32'h00000001, "SLT");
[0x30] emit(enc_r(FNC7_0, 5'd2, 5'd1, FNC_SLTU, 5'd7));
[0x34] store_result(5'd7, 32'h00000000, "SLTU");
[0x38] emit(enc_r(FNC7_0, 5'd2, 5'd1, FNC_XOR, 5'd8));
[0x3c] store_result(5'd8, 32'hffffff54, "XOR");
[0x40] emit(enc_r(FNC7_0, 5'd2, 5'd1, FNC_OR, 5'd9));
[0x44] store_result(5'd9, 32'hffffffdc, "OR");
[0x48] emit(enc_r(FNC7_0, 5'd2, 5'd1, FNC_AND, 5'd10));
[0x4c] store_result(5'd10, 32'h00000088, "AND");
[0x50] emit(enc_r(FNC7_0, 5'd2, 5'd1, FNC_SRL_SRA, 5'd11));
[0x54] store_result(5'd11, 32'h00ffffff, "SRL");
[0x58] emit(enc_r(FNC7_1, 5'd2, 5'd1, FNC_SRL_SRA, 5'd12));
[0x5c] store_result(5'd12, 32'hffffffff, "SRA");
[0x60] emit(enc_i({7'b0000000, 5'd20}, 5'd1, FNC_SLL, 5'd13, OPC_ARI_ITYPE));
[0x64] store_result(5'd13, 32'hf9c00000, "SLLI");
[0x68] emit(enc_i({7'b0000000, 5'd20}, 5'd1, FNC_SRL_SRA, 5'd14, OPC_ARI_ITYPE));
[0x6c] store_result(5'd14, 32'h00000fff, "SRLI");
[0x70] emit(enc_i({7'b0100000, 5'd20}, 5'd1, FNC_SRL_SRA, 5'd15, OPC_ARI_ITYPE));
[0x74] store_result(5'd15, 32'hffffffff, "SRAI");
[0x78] emit(enc_i(-200, 5'd1, FNC_ADD_SUB, 5'd3, OPC_ARI_ITYPE));
[0x7c] store_result(5'd3, 32'hfffffed4, "ADDI");
[0x80] emit(enc_i(-200, 5'd1, FNC_SLT, 5'd4, OPC_ARI_ITYPE));
[0x84] store_result(5'd4, 32'h00000000, "SLTI");
[0x88] emit(enc_i(-200, 5'd1, FNC_SLTU, 5'd5, OPC_ARI_ITYPE));
[0x8c] store_result(5'd5, 32'h00000000, "SLTIU");
[0x90] emit(enc_i(-200, 5'd1, FNC_XOR, 5'd6, OPC_ARI_ITYPE));
[0x94] store_result(5'd6, 32'h000000a4, "XORI");
[0x98] emit(enc_i(-200, 5'd1, FNC_OR, 5'd7, OPC_ARI_ITYPE));
[0x9c] store_result(5'd7, 32'hffffffbc, "ORI");
[0xa0] emit(enc_i(-200, 5'd1, FNC_AND, 5'd8, OPC_ARI_ITYPE));
[0xa4] store_result(5'd8, 32'hffffff18, "ANDI");
[0xa8] emit(enc_i(32'h600, 5'd0, FNC_ADD_SUB, 5'd20, OPC_ARI_ITYPE));
[0xac] emit(enc_i(0, 5'd20, FNC_LW, 5'd2, OPC_LOAD));
[0xb0] store_result(5'd2, 32'hdeadbeef, "LW offset 0");
[0xb4] emit(enc_i(0, 5'd20, FNC_LH, 5'd3, OPC_LOAD));
[0xb8] store_result(5'd3, 32'hffffbeef, "LH offset 0 sign-extend");
[0xbc] emit(enc_i(2, 5'd20, FNC_LH, 5'd5, OPC_LOAD));
[0xc0] store_result(5'd5, 32'hffffdead, "LH offset 2 sign-extend");
[0xc4] emit(enc_i(0, 5'd20, FNC_LB, 5'd7, OPC_LOAD));
[0xc8] store_result(5'd7, 32'hffffffef, "LB offset 0 sign-extend");
[0xcc] emit(enc_i(1, 5'd20, FNC_LB, 5'd8, OPC_LOAD));
[0xd0] store_result(5'd8, 32'hffffffbe, "LB offset 1 sign-extend");
[0xd4] emit(enc_i(2, 5'd20, FNC_LB, 5'd9, OPC_LOAD));
[0xd8] store_result(5'd9, 32'hffffffad, "LB offset 2 sign-extend");
[0xdc] emit(enc_i(3, 5'd20, FNC_LB, 5'd10, OPC_LOAD));
[0xe0] store_result(5'd10, 32'hffffffde, "LB offset 3 sign-extend");
[0xe4] emit(enc_i(0, 5'd20, FNC_LHU, 5'd11, OPC_LOAD));
[0xe8] store_result(5'd11, 32'h0000beef, "LHU offset 0 zero-extend");
[0xec] emit(enc_i(2, 5'd20, FNC_LHU, 5'd13, OPC_LOAD));
[0xf0] store_result(5'd13, 32'h0000dead, "LHU offset 2 zero-extend");
[0xf4] emit(enc_i(0, 5'd20, FNC_LBU, 5'd15, OPC_LOAD));
[0xf8] store_result(5'd15, 32'h000000ef, "LBU offset 0 zero-extend");
[0xfc] emit(enc_i(1, 5'd20, FNC_LBU, 5'd16, OPC_LOAD));
[0x100] store_result(5'd16, 32'h000000be, "LBU offset 1 zero-extend");
[0x104] emit(enc_i(2, 5'd20, FNC_LBU, 5'd17, OPC_LOAD));
[0x108] store_result(5'd17, 32'h000000ad, "LBU offset 2 zero-extend");
[0x10c] emit(enc_i(3, 5'd20, FNC_LBU, 5'd18, OPC_LOAD));
[0x110] store_result(5'd18, 32'h000000de, "LBU offset 3 zero-extend");
[0x114] emit(enc_u(32'h12345000, 5'd21, OPC_LUI));
[0x118] emit(enc_i(32'h678, 5'd21, FNC_ADD_SUB, 5'd21, OPC_ARI_ITYPE));
[0x11c] emit(enc_s(32'h640, 5'd21, 5'd0, FNC_SW));
[0x120] emit(enc_s(32'h644, 5'd21, 5'd0, FNC_SH));
[0x124] emit(enc_s(32'h64a, 5'd21, 5'd0, FNC_SH));
[0x128] emit(enc_s(32'h650, 5'd21, 5'd0, FNC_SB));
[0x12c] emit(enc_s(32'h651, 5'd21, 5'd0, FNC_SB));
[0x130] emit(enc_s(32'h652, 5'd21, 5'd0, FNC_SB));
[0x134] emit(enc_s(32'h653, 5'd21, 5'd0, FNC_SB));
[0x138] emit(enc_u(32'h7fff0000, 5'd22, OPC_LUI));
[0x13c] store_result(5'd22, 32'h7fff0000, "LUI");
[0x140] emit(enc_u(32'h7fff0000, 5'd23, OPC_AUIPC));
[0x144] store_result(5'd23, 32'h7fff0000 + (i * 4), "AUIPC");
[0x148] emit(enc_i(100, 5'd0, FNC_ADD_SUB, 5'd1, OPC_ARI_ITYPE));
[0x14c] emit(enc_i(100, 5'd0, FNC_ADD_SUB, 5'd2, OPC_ARI_ITYPE));
[0x150] emit(enc_i(0, 5'd0, FNC_ADD_SUB, 5'd24, OPC_ARI_ITYPE));
[0x154] emit(enc_b(8, 5'd2, 5'd1, FNC_BEQ));
[0x158] emit(enc_i(1, 5'd0, FNC_ADD_SUB, 5'd24, OPC_ARI_ITYPE));
[0x15c] emit(enc_i(2, 5'd0, FNC_ADD_SUB, 5'd24, OPC_ARI_ITYPE));
[0x160] store_result(5'd24, 32'h00000002, "BEQ taken");
[0x164] emit(enc_i(100, 5'd0, FNC_ADD_SUB, 5'd1, OPC_ARI_ITYPE));
[0x168] emit(enc_i(200, 5'd0, FNC_ADD_SUB, 5'd2, OPC_ARI_ITYPE));
[0x16c] emit(enc_i(0, 5'd0, FNC_ADD_SUB, 5'd24, OPC_ARI_ITYPE));
[0x170] emit(enc_b(8, 5'd2, 5'd1, FNC_BNE));
[0x174] emit(enc_i(1, 5'd0, FNC_ADD_SUB, 5'd24, OPC_ARI_ITYPE));
[0x178] emit(enc_i(3, 5'd0, FNC_ADD_SUB, 5'd24, OPC_ARI_ITYPE));
[0x17c] store_result(5'd24, 32'h00000003, "BNE taken");
[0x180] emit(enc_i(100, 5'd0, FNC_ADD_SUB, 5'd1, OPC_ARI_ITYPE));
[0x184] emit(enc_i(200, 5'd0, FNC_ADD_SUB, 5'd2, OPC_ARI_ITYPE));
[0x188] emit(enc_i(0, 5'd0, FNC_ADD_SUB, 5'd24, OPC_ARI_ITYPE));
[0x18c] emit(enc_b(8, 5'd2, 5'd1, FNC_BLT));
[0x190] emit(enc_i(1, 5'd0, FNC_ADD_SUB, 5'd24, OPC_ARI_ITYPE));
[0x194] emit(enc_i(4, 5'd0, FNC_ADD_SUB, 5'd24, OPC_ARI_ITYPE));
[0x198] store_result(5'd24, 32'h00000004, "BLT taken");
[0x19c] emit(enc_i(200, 5'd0, FNC_ADD_SUB, 5'd1, OPC_ARI_ITYPE));
[0x1a0] emit(enc_i(100, 5'd0, FNC_ADD_SUB, 5'd2, OPC_ARI_ITYPE));
[0x1a4] emit(enc_i(0, 5'd0, FNC_ADD_SUB, 5'd24, OPC_ARI_ITYPE));
[0x1a8] emit(enc_b(8, 5'd2, 5'd1, FNC_BGE));
[0x1ac] emit(enc_i(1, 5'd0, FNC_ADD_SUB, 5'd24, OPC_ARI_ITYPE));
[0x1b0] emit(enc_i(5, 5'd0, FNC_ADD_SUB, 5'd24, OPC_ARI_ITYPE));
[0x1b4] store_result(5'd24, 32'h00000005, "BGE taken");
[0x1b8] emit(enc_i(1, 5'd0, FNC_ADD_SUB, 5'd1, OPC_ARI_ITYPE));
[0x1bc] emit(enc_i(-1, 5'd0, FNC_ADD_SUB, 5'd2, OPC_ARI_ITYPE));
[0x1c0] emit(enc_i(0, 5'd0, FNC_ADD_SUB, 5'd24, OPC_ARI_ITYPE));
[0x1c4] emit(enc_b(8, 5'd2, 5'd1, FNC_BLTU));
[0x1c8] emit(enc_i(1, 5'd0, FNC_ADD_SUB, 5'd24, OPC_ARI_ITYPE));
[0x1cc] emit(enc_i(6, 5'd0, FNC_ADD_SUB, 5'd24, OPC_ARI_ITYPE));
[0x1d0] store_result(5'd24, 32'h00000006, "BLTU taken");
[0x1d4] emit(enc_i(-1, 5'd0, FNC_ADD_SUB, 5'd1, OPC_ARI_ITYPE));
[0x1d8] emit(enc_i(1, 5'd0, FNC_ADD_SUB, 5'd2, OPC_ARI_ITYPE));
[0x1dc] emit(enc_i(0, 5'd0, FNC_ADD_SUB, 5'd24, OPC_ARI_ITYPE));
[0x1e0] emit(enc_b(8, 5'd2, 5'd1, FNC_BGEU));
[0x1e4] emit(enc_i(1, 5'd0, FNC_ADD_SUB, 5'd24, OPC_ARI_ITYPE));
[0x1e8] emit(enc_i(7, 5'd0, FNC_ADD_SUB, 5'd24, OPC_ARI_ITYPE));
[0x1ec] store_result(5'd24, 32'h00000007, "BGEU taken");
[0x1f0] emit(enc_j(8, 5'd25));
[0x1f4] emit(enc_i(1, 5'd0, FNC_ADD_SUB, 5'd26, OPC_ARI_ITYPE));
[0x1f8] emit(enc_i(9, 5'd0, FNC_ADD_SUB, 5'd27, OPC_ARI_ITYPE));
[0x1fc] store_result(5'd25, (i * 4) + 4, "JAL link rd=pc+4");
[0x200] store_result(5'd26, 32'h00000000, "JAL skipped instruction");
[0x204] store_result(5'd27, 32'h00000009, "JAL target executed");
[0x208] emit(enc_i((i + 3) * 4, 5'd0, FNC_ADD_SUB, 5'd28, OPC_ARI_ITYPE));
[0x20c] emit(enc_i(0, 5'd28, 3'b000, 5'd29, OPC_JALR));
[0x210] emit(enc_i(1, 5'd0, FNC_ADD_SUB, 5'd30, OPC_ARI_ITYPE));
[0x214] emit(enc_i(10, 5'd0, FNC_ADD_SUB, 5'd31, OPC_ARI_ITYPE));
[0x218] store_result(5'd29, (i * 4) + 4, "JALR link rd=pc+4");
[0x21c] store_result(5'd30, 32'h00000000, "JALR skipped instruction");
[0x220] store_result(5'd31, 32'h0000000a, "JALR target executed");
[0x224] emit(32'h0000006f);
[0x228] unknown
[0x22c] unknown
[0x230] unknown
[0x234] unknown
[0x238] unknown
[0x23c] unknown
[0x240] unknown
[0x244] unknown
[0x248] unknown
[0x24c] unknown
[0x250] unknown
[0x254] unknown
[0x258] unknown
[0x25c] unknown
[0x260] unknown
[0x264] unknown
[0x268] unknown
[0x26c] unknown
[0x270] unknown
[0x274] unknown
[0x278] unknown
[0x27c] unknown
[0x280] unknown
[0x284] unknown
[0x288] unknown
[0x28c] unknown
[0x290] unknown
[0x294] unknown
[0x298] unknown
[0x29c] unknown
[0x2a0] unknown
[0x2a4] unknown
[0x2a8] unknown
[0x2ac] unknown
[0x2b0] unknown
[0x2b4] unknown
[0x2b8] unknown
[0x2bc] unknown
[0x2c0] unknown
[0x2c4] unknown
[0x2c8] unknown
[0x2cc] unknown
[0x2d0] unknown
[0x2d4] unknown
[0x2d8] unknown
[0x2dc] unknown
[0x2e0] unknown
[0x2e4] unknown
[0x2e8] unknown
[0x2ec] unknown
[0x2f0] unknown
[0x2f4] unknown
[0x2f8] unknown
[0x2fc] unknown
[0x300] unknown
[0x304] unknown
[0x308] unknown
[0x30c] unknown
[0x310] unknown
[0x314] unknown
[0x318] unknown
[0x31c] unknown
[0x320] unknown
[0x324] unknown
[0x328] unknown
[0x32c] unknown
[0x330] unknown
[0x334] unknown
[0x338] unknown
[0x33c] unknown
[0x340] unknown
[0x344] unknown
[0x348] unknown
[0x34c] unknown
[0x350] unknown
[0x354] unknown
[0x358] unknown
[0x35c] unknown
[0x360] unknown
[0x364] unknown
[0x368] unknown
[0x36c] unknown
[0x370] unknown
[0x374] unknown
[0x378] unknown
[0x37c] unknown
[0x380] unknown
[0x384] unknown
[0x388] unknown
[0x38c] unknown
[0x390] unknown
[0x394] unknown
[0x398] unknown
[0x3a0] unknown
[0x3a4] unknown
[0x3a8] unknown
[0x3ac] unknown
[0x3b0] unknown
[0x3b4] unknown
[0x3b8] unknown
[0x3bc] unknown
[0x3c0] unknown
[0x3c4] unknown
[0x3cc] unknown
[0x3d0] unknown
[0x3d4] unknown
[0x3d8] unknown
[0x3dc] unknown
[0x3e0] unknown
[0x3e4] unknown
[0x3e8] unknown
[0x3ec] unknown
[0x3f0] unknown
[0x3f8] unknown
[0x3fc] unknown
[0x400] unknown
[0x404] unknown
[0x408] unknown
[0x40c] unknown
[0x410] unknown
[0x414] unknown
[0x418] unknown
[0x41c] unknown
[0x424] unknown
[0x428] unknown
[0x42c] unknown
[0x430] unknown
[0x434] unknown
[0x438] unknown
[0x43c] unknown
[0x440] unknown
[0x444] unknown
[0x448] unknown
[0x450] unknown
[0x454] unknown
[0x458] unknown
[0x45c] unknown
[0x460] unknown
[0x464] unknown
[0x468] unknown
[0x470] unknown
[0x474] unknown
[0x478] unknown
[0x47c] unknown
[0x480] unknown
[0x484] unknown
[0x488] unknown
[0x48c] unknown
[0x490] unknown
[0x494] unknown
[0x498] unknown
[0x49c] unknown
[0x4a0] unknown
[0x4a4] unknown
[0x4a8] unknown
[0x4ac] unknown
[0x4b0] unknown
[0x4b4] unknown
[0x4bc] unknown
[0x4c0] unknown
[0x4c4] unknown
[0x4c8] unknown
[0x4cc] unknown
[0x4d0] unknown
[0x4d4] unknown
[0x4d8] unknown
[0x4dc] unknown
[0x4e0] unknown
[0x4e4] unknown
[0x4e8] unknown
[0x4ec] unknown
[0x4f0] unknown
[0x4f4] unknown
[0x4f8] unknown
[0x4fc] unknown
[0x4fc] unknown
[0x4fc] unknown
[0x4fc] unknown
[0x4fc] unknown
[0x4fc] unknown
[0x4fc] unknown
[0x4fc] unknown
[0x4fc] unknown
[0x4fc] unknown
[0x4fc] unknown
[0x4fc] unknown
[0x4fc] unknown
[0x4fc] unknown
[0x4fc] unknown
[0x4fc] unknown
[0x4fc] unknown
[0x4fc] unknown
[0x4fc] unknown
[0x4fc] unknown
[0x4fc] unknown
[0x4fc] unknown
[0x4fc] unknown
[0x4fc] unknown
[0x4fc] unknown
[0x4fc] unknown
[0x4fc] unknown
[0x4fc] unknown
[0x4fc] unknown
[0x4fc] unknown
[0x4fc] unknown
[0x4fc] unknown
[0x4fc] unknown
[0x4fc] unknown
[0x4fc] unknown
[0x4fc] unknown
[0x4fc] unknown
[0x4fc] unknown
[0x4fc] unknown
[0x4fc] unknown
[0x4fc] unknown
[0x4fc] unknown
[0x4fc] unknown
[0x4fc] unknown
[0x4fc] unknown
[0x4fc] unknown
[0x4fc] unknown
[0x4fc] unknown
[0x4fc] unknown
[0x4fc] unknown
[0x4fc] unknown
[0x4fc] unknown
[0x4fc] unknown
[0x4fc] unknown
[0x4fc] unknown
[0x4fc] unknown
[0x4fc] unknown
[0x4fc] unknown
[0x4fc] unknown
[0x4fc] unknown
[0x4fc] unknown
[0x4fc] unknown
[0x4fc] unknown
[0x4fc] unknown
[0x4fc] unknown
[0x4fc] unknown
[0x4fc] unknown
[0x4fc] unknown
[0x4fc] unknown
[0x4fc] unknown
[0x4fc] unknown
[0x4fc] unknown
[0x4fc] unknown
[0x4fc] unknown
[0x4fc] unknown
[0x4fc] unknown
[0x4fc] unknown
[0x4fc] unknown
[0x4fc] unknown
[0x4fc] unknown
[0x4fc] unknown
[0x4fc] unknown
[0x4fc] unknown
[0x4fc] unknown
[0x4fc] unknown
[0x4fc] unknown
[0x4fc] unknown
[0x4fc] unknown
[0x4fc] unknown
[0x4fc] unknown
[0x4fc] unknown
[0x4fc] unknown
[0x4fc] unknown
[0x4fc] unknown
[0x4fc] unknown
[0x4fc] unknown
[0x4fc] unknown
[0x4fc] unknown
[0x4fc] unknown
[0x4fc] unknown
[0x4fc] unknown
[0x4fc] unknown
[0x4fc] unknown
[0x4fc] unknown
[0x4fc] unknown
[0x4fc] unknown
[0x4fc] unknown
[0x4fc] unknown
[0x4fc] unknown
[0x4fc] unknown
[0x4fc] unknown
[0x4fc] unknown
[0x4fc] unknown
[0x4fc] unknown
[0x4fc] unknown
[0x4fc] unknown
[0x4fc] unknown
[0x4fc] unknown
[0x4fc] unknown
[0x4fc] unknown
[0x4fc] unknown
[0x4fc] unknown
[0x4fc] unknown
[0x4fc] unknown
[0x4fc] unknown
[0x4fc] unknown
[0x4fc] unknown
[0x4fc] unknown
[0x4fc] unknown
[0x4fc] unknown
[0x4fc] unknown
[0x4fc] unknown
[0x4fc] unknown
[0x4fc] unknown
[0x4fc] unknown
[0x4fc] unknown
[0x4fc] unknown
[0x4fc] unknown
[0x4fc] unknown
[0x4fc] unknown
[0x4fc] unknown
[0x4fc] unknown
[0x4fc] unknown
[0x4fc] unknown
[0x4fc] unknown
[0x4fc] unknown
[0x4fc] unknown
[0x4fc] unknown
[0x4fc] unknown
[0x4fc] unknown
[0x4fc] unknown
[0x4fc] unknown
[0x4fc] unknown
[0x4fc] unknown
[0x4fc] unknown
[0x4fc] unknown
[0x4fc] unknown
[0x4fc] unknown
[0x4fc] unknown
[0x4fc] unknown
[0x4fc] unknown
[0x4fc] unknown
[0x4fc] unknown
[0x4fc] unknown
[0x4fc] unknown
[0x4fc] unknown
[0x4fc] unknown
[0x4fc] unknown
[0x4fc] unknown
[0x4fc] unknown
[0x4fc] unknown
[0x4fc] unknown
[0x4fc] unknown
[0x4fc] unknown
[0x4fc] unknown
[0x4fc] unknown
[0x4fc] unknown
[0x4fc] unknown
[0x4fc] unknown
[0x4fc] unknown
[0x4fc] unknown
[0x4fc] unknown
[0x4fc] unknown
[0x4fc] unknown
[0x4fc] unknown
[0x4fc] unknown
[0x4fc] unknown
[0x4fc] unknown
[0x4fc] unknown
[0x4fc] unknown
[0x4fc] unknown
[0x4fc] unknown
[0x4fc] unknown
[0x4fc] unknown
[0x4fc] unknown
[0x4fc] unknown
[0x4fc] unknown
[0x4fc] unknown
[0x4fc] unknown
[0x4fc] unknown
[0x4fc] unknown
[0x4fc] unknown
[0x4fc] unknown
[0x4fc] unknown
[0x4fc] unknown
[0x4fc] unknown
[0x4fc] unknown
[0x4fc] unknown
[0x4fc] unknown
[0x4fc] unknown
[0x4fc] unknown
[0x4fc] unknown
[0x4fc] unknown
[0x4fc] unknown
[0x4fc] unknown
[0x4fc] unknown
[0x4fc] unknown
[0x4fc] unknown
[0x4fc] unknown
[0x4fc] unknown
[0x4fc] unknown
[0x4fc] unknown
[0x4fc] unknown
[0x4fc] unknown
[0x4fc] unknown
[0x4fc] unknown
[0x4fc] unknown
[0x4fc] unknown
[0x4fc] unknown
[0x4fc] unknown
[0x4fc] unknown
[0x4fc] unknown
[0x4fc] unknown
[0x4fc] unknown
[0x4fc] unknown
[0x4fc] unknown
[0x4fc] unknown
[0x4fc] unknown
[0x4fc] unknown
[0x4fc] unknown
[0x4fc] unknown
[0x4fc] unknown
[0x4fc] unknown
[0x4fc] unknown
[0x4fc] unknown
[0x4fc] unknown
[0x4fc] unknown
[0x4fc] unknown
[0x4fc] unknown
[0x4fc] unknown
[0x4fc] unknown
[0x4fc] unknown
[0x4fc] unknown
[0x4fc] unknown
[0x4fc] unknown
[0x4fc] unknown
[0x4fc] unknown
[0x4fc] unknown
[0x4fc] unknown
[0x4fc] unknown
[0x4fc] unknown
[0x4fc] unknown
[0x4fc] unknown
[0x4fc] unknown
[0x4fc] unknown
[0x4fc] unknown
[0x4fc] unknown
[0x4fc] unknown
[0x4fc] unknown
[0x4fc] unknown
[0x4fc] unknown
[0x4fc] unknown
[0x4fc] unknown
[0x4fc] unknown
[0x4fc] unknown
[0x4fc] unknown
[0x4fc] unknown
[0x4fc] unknown
[0x4fc] unknown
[0x4fc] unknown
[0x4fc] unknown
[0x4fc] unknown
[0x4fc] unknown
[0x4fc] unknown
[0x4fc] unknown
[0x4fc] unknown
[0x4fc] unknown
[0x4fc] unknown
[0x4fc] unknown
[0x4fc] unknown
[0x4fc] unknown
[0x4fc] unknown
[0x4fc] unknown
[0x4fc] unknown
[0x4fc] unknown
[0x4fc] unknown
[0x4fc] unknown
[0x4fc] unknown
[0x4fc] unknown
[0x4fc] unknown
[0x4fc] unknown
[0x4fc] unknown
[0x4fc] unknown
[0x4fc] unknown
[0x4fc] unknown
[0x4fc] unknown
[0x4fc] unknown
[0x4fc] unknown
[0x4fc] unknown
[0x4fc] unknown
[0x4fc] unknown
[0x4fc] unknown
[0x4fc] unknown
[0x4fc] unknown
[0x4fc] unknown
[0x4fc] unknown
[0x4fc] unknown
[0x4fc] unknown
[0x4fc] unknown
[0x4fc] unknown
[0x4fc] unknown
[0x4fc] unknown
[0x4fc] unknown
[0x4fc] unknown
[0x4fc] unknown
[0x4fc] unknown
[0x4fc] unknown
[0x4fc] unknown
[0x4fc] unknown
[0x4fc] unknown
[0x4fc] unknown
[0x4fc] unknown
[0x4fc] unknown
[0x4fc] unknown
[0x4fc] unknown
[0x4fc] unknown
[0x4fc] unknown
[0x4fc] unknown
[0x4fc] unknown
[0x4fc] unknown
[0x4fc] unknown
[0x4fc] unknown
[0x4fc] unknown
[0x4fc] unknown
[0x4fc] unknown
[0x4fc] unknown
[0x4fc] unknown
[0x4fc] unknown
[0x4fc] unknown
[0x4fc] unknown
[0x4fc] unknown
[0x4fc] unknown
[0x4fc] unknown
[0x4fc] unknown
[0x4fc] unknown
[0x4fc] unknown
[0x4fc] unknown
[0x4fc] unknown
[0x4fc] unknown
[0x4fc] unknown
[0x4fc] unknown
[0x4fc] unknown
[0x4fc] unknown
[0x4fc] unknown
[0x4fc] unknown
[0x4fc] unknown
[0x4fc] unknown
[0x4fc] unknown
[0x4fc] unknown
[0x4fc] unknown
[0x4fc] unknown
[0x4fc] unknown
[0x4fc] unknown
[0x4fc] unknown
[0x4fc] unknown
[0x4fc] unknown
[0x4fc] unknown
[0x4fc] unknown
[0x4fc] unknown
[0x4fc] unknown
[0x4fc] unknown
[0x4fc] unknown
[0x4fc] unknown
[0x4fc] unknown
[0x4fc] unknown
[0x4fc] unknown
[0x4fc] unknown
[0x4fc] unknown
[0x4fc] unknown
[0x4fc] unknown
[0x4fc] unknown
[0x4fc] unknown
[0x4fc] unknown
[0x4fc] unknown
[0x4fc] unknown
[0x4fc] unknown
[0x4fc] unknown
[0x4fc] unknown
[0x4fc] unknown
[0x4fc] unknown
[0x4fc] unknown
[0x4fc] unknown
[0x4fc] unknown
[0x4fc] unknown
[0x4fc] unknown
[0x4fc] unknown
[0x4fc] unknown
[0x4fc] unknown
[0x4fc] unknown
[0x4fc] unknown
[0x4fc] unknown
[0x4fc] unknown
[0x4fc] unknown
[0x4fc] unknown
[0x4fc] unknown
[0x4fc] unknown
[0x4fc] unknown
[0x4fc] unknown
[0x4fc] unknown
[0x4fc] unknown
[0x4fc] unknown
[0x4fc] unknown
[0x4fc] unknown
[0x4fc] unknown
[0x4fc] unknown
[0x4fc] unknown
[0x4fc] unknown
[0x4fc] unknown
[0x4fc] unknown
[0x4fc] unknown
[0x4fc] unknown
[0x4fc] unknown
[0x4fc] unknown
[0x4fc] unknown
[0x4fc] unknown
[0x4fc] unknown
[0x4fc] unknown
[0x4fc] unknown
[0x4fc] unknown
[0x4fc] unknown
[0x4fc] unknown
[0x4fc] unknown
[0x4fc] unknown
[0x4fc] unknown
[0x4fc] unknown
[0x4fc] unknown
[0x4fc] unknown
[0x4fc] unknown
[0x4fc] unknown
[0x4fc] unknown
[0x4fc] unknown
[0x4fc] unknown
[0x4fc] unknown
[0x4fc] unknown
[0x4fc] unknown
[0x4fc] unknown
[0x4fc] unknown
[0x4fc] unknown
[0x4fc] unknown
[0x4fc] unknown
[0x4fc] unknown
[0x4fc] unknown
[0x4fc] unknown
[0x4fc] unknown
[0x4fc] unknown
[0x4fc] unknown
[0x4fc] unknown
[0x4fc] unknown
[0x4fc] unknown
[0x4fc] unknown
[0x4fc] unknown
[0x4fc] unknown
[0x4fc] unknown
[0x4fc] unknown
[0x4fc] unknown
[0x4fc] unknown
[0x4fc] unknown
[0x4fc] unknown
[0x4fc] unknown
[0x4fc] unknown
[0x4fc] unknown
[0x4fc] unknown
