
Magic 8.3 revision 638 - Compiled on Thu Apr 30 21:20:55 KST 2026.
Starting magic under Tcl interpreter
Using the terminal as the console.
WARNING: RLIMIT_NOFILE is above 1024 and Tcl_Version<9 this may cause runtime issues [rlim_cur=1048576]
Using NULL graphics device.
Processing system .magicrc file
Switching to WIRING tool.
Switching to NETLIST tool.
Switching to PICK tool.
Switching to BOX tool.
Input style lambda=0.30(p): scaleFactor=30, multiplier=1
Contact size value ignored (using GDS generation rules).
Contact size value ignored (using GDS generation rules).
Contact size value ignored (using GDS generation rules).
Contact size value ignored (using GDS generation rules).
Contact size value ignored (using GDS generation rules).
Contact size value ignored (using GDS generation rules).
The following types are not handled by extraction and will be treated as non-electrical types:
    n_field_implant p_field_implant nselect pselect glass filln filla fillb xp m1p m2p m3p comment bb 
2 Magic internal units = 1 Lambda
Using technology "scmos", version 2001a
Root cell box:
           width x height  (   llx,  lly  ), (   urx,  ury  )

microns:   0.000 x 0.000   ( 0.000,  0.000), ( 0.000,  0.000)
lambda:     0.00 x 0.00    (  0.00,  0.00 ), (  0.00,  0.00 )
internal:      0 x 0       (     0,  0    ), (     0,  0    )
Cell serv_exec_unit read from current working directory
serv_exec_unit: 10000 rects
Cell AOI22X1 read from path /home/hosung/ETRI050_DesignKit/digital_ETRI
Cell AOI21X1 read from path /home/hosung/ETRI050_DesignKit/digital_ETRI
Cell DFFPOSX1 read from path /home/hosung/ETRI050_DesignKit/digital_ETRI
Cell FILL read from path /home/hosung/ETRI050_DesignKit/digital_ETRI
Scaled magic input cell FILL geometry by factor of 2
Cell INVX1 read from path /home/hosung/ETRI050_DesignKit/digital_ETRI
Cell OAI21X1 read from path /home/hosung/ETRI050_DesignKit/digital_ETRI
Cell NOR3X1 read from path /home/hosung/ETRI050_DesignKit/digital_ETRI
Cell BUFX2 read from path /home/hosung/ETRI050_DesignKit/digital_ETRI
Cell CLKBUF1 read from path /home/hosung/ETRI050_DesignKit/digital_ETRI
Cell NAND2X1 read from path /home/hosung/ETRI050_DesignKit/digital_ETRI
Cell NAND3X1 read from path /home/hosung/ETRI050_DesignKit/digital_ETRI
Cell NOR2X1 read from path /home/hosung/ETRI050_DesignKit/digital_ETRI
Cell AND2X2 read from path /home/hosung/ETRI050_DesignKit/digital_ETRI
Cell INVX8 read from path /home/hosung/ETRI050_DesignKit/digital_ETRI
Cell OR2X2 read from path /home/hosung/ETRI050_DesignKit/digital_ETRI
Cell INVX2 read from path /home/hosung/ETRI050_DesignKit/digital_ETRI
Cell OAI22X1 read from path /home/hosung/ETRI050_DesignKit/digital_ETRI
Cell serv_exec_unit_DRC has 25 error tiles.
Total DRC errors found: 0
This layer can't abut or partially overlap between subcells
Design-rule checker statistics (recent/total):
    Squares processed: 149/149
    Tiles processed: 655334/655334
    Edges pieces processed: 1320454/1320454
    Constraint areas checked: 6847357/6847357
    Multi-tile constraints: 4927236/4927236
    Interaction areas processed: 344/344
    Tiles processed for interactions: 655334/655334
    Tiles processed for arrays: 0/0
Root cell box:
           width x height  (   llx,  lly  ), (   urx,  ury  )  area (units^2)

microns:  924.600 x 877.050  (-9.300, -3.600), ( 915.300,  873.450)  810920.500
lambda:   3082.00 x 2923.50  (-31.00, -12.00), ( 3051.00,  2911.50)  9010227.00
internal:   6164 x 5847    (   -62, -24   ), (  6102,  5823 )  36040908  
